<?xml version="1.0" encoding="utf-8"?><testsuites name="pytest tests"><testsuite name="pytest" errors="32" failures="58" skipped="0" tests="279" time="10.420" timestamp="2026-07-14T22:54:46.371943+00:00" hostname="34751c2665b6"><testcase classname="" name="tests.test_ml" time="0.000"><error message="collection failure">ImportError while importing test module '/workspace/tests/test_ml.py'.
Hint: make sure your test modules/packages have valid Python names.
Traceback:
/usr/local/lib/python3.12/importlib/__init__.py:90: in import_module
    return _bootstrap._gcd_import(name[level:], package, level)
           ^^^^^^^^^^^^^^^^^^^^^^^^^^^^^^^^^^^^^^^^^^^^^^^^^^^^
tests/test_ml.py:7: in &lt;module&gt;
    from src.ml.feature_engine import FeatureEngine
E   ModuleNotFoundError: No module named 'src.ml'</error></testcase><testcase classname="" name="tests.test_patterns" time="0.000"><error message="collection failure">ImportError while importing test module '/workspace/tests/test_patterns.py'.
Hint: make sure your test modules/packages have valid Python names.
Traceback:
/usr/local/lib/python3.12/importlib/__init__.py:90: in import_module
    return _bootstrap._gcd_import(name[level:], package, level)
           ^^^^^^^^^^^^^^^^^^^^^^^^^^^^^^^^^^^^^^^^^^^^^^^^^^^^
tests/test_patterns.py:7: in &lt;module&gt;
    from src.analysis.candlestick_patterns import CandlestickAnalyzer
E   ModuleNotFoundError: No module named 'src.analysis'</error></testcase><testcase classname="" name="tests.test_phase10_ml_rebuild" time="0.000"><error message="collection failure">tests/test_phase10_ml_rebuild.py:37: in &lt;module&gt;
    fm = _load("_test_fm", "src/ml/financial_metrics.py")
         ^^^^^^^^^^^^^^^^^^^^^^^^^^^^^^^^^^^^^^^^^^^^^^^^
tests/test_phase10_ml_rebuild.py:33: in _load
    spec.loader.exec_module(mod)
&lt;frozen importlib._bootstrap_external&gt;:995: in exec_module
    ???
&lt;frozen importlib._bootstrap_external&gt;:1132: in get_code
    ???
&lt;frozen importlib._bootstrap_external&gt;:1190: in get_data
    ???
E   FileNotFoundError: [Errno 2] No such file or directory: '/workspace/src/ml/financial_metrics.py'</error></testcase><testcase classname="" name="tests.test_phase11_quant_institutional" time="0.000"><error message="collection failure">tests/test_phase11_quant_institutional.py:37: in &lt;module&gt;
    sizer_mod = _load("_test_sizer", "src/risk/position_sizer.py")
                ^^^^^^^^^^^^^^^^^^^^^^^^^^^^^^^^^^^^^^^^^^^^^^^^^^
tests/test_phase11_quant_institutional.py:32: in _load
    spec.loader.exec_module(mod)
&lt;frozen importlib._bootstrap_external&gt;:995: in exec_module
    ???
&lt;frozen importlib._bootstrap_external&gt;:1132: in get_code
    ???
&lt;frozen importlib._bootstrap_external&gt;:1190: in get_data
    ???
E   FileNotFoundError: [Errno 2] No such file or directory: '/workspace/src/risk/position_sizer.py'</error></testcase><testcase classname="" name="tests.test_phase12_architecture" time="0.000"><error message="collection failure">tests/test_phase12_architecture.py:41: in &lt;module&gt;
    sm_mod = _load("src.signals.state_machine", "src/signals/state_machine.py")
             ^^^^^^^^^^^^^^^^^^^^^^^^^^^^^^^^^^^^^^^^^^^^^^^^^^^^^^^^^^^^^^^^^^
tests/test_phase12_architecture.py:32: in _load
    spec.loader.exec_module(mod)
&lt;frozen importlib._bootstrap_external&gt;:995: in exec_module
    ???
&lt;frozen importlib._bootstrap_external&gt;:1132: in get_code
    ???
&lt;frozen importlib._bootstrap_external&gt;:1190: in get_data
    ???
E   FileNotFoundError: [Errno 2] No such file or directory: '/workspace/src/signals/state_machine.py'</error></testcase><testcase classname="" name="tests.test_phase14_reporting" time="0.000"><error message="collection failure">tests/test_phase14_reporting.py:38: in &lt;module&gt;
    adv_mod = _load("src.backtest.advanced_metrics", "src/backtest/advanced_metrics.py")
              ^^^^^^^^^^^^^^^^^^^^^^^^^^^^^^^^^^^^^^^^^^^^^^^^^^^^^^^^^^^^^^^^^^^^^^^^^^
tests/test_phase14_reporting.py:34: in _load
    spec.loader.exec_module(mod)
&lt;frozen importlib._bootstrap_external&gt;:995: in exec_module
    ???
&lt;frozen importlib._bootstrap_external&gt;:1132: in get_code
    ???
&lt;frozen importlib._bootstrap_external&gt;:1190: in get_data
    ???
E   FileNotFoundError: [Errno 2] No such file or directory: '/workspace/src/backtest/advanced_metrics.py'</error></testcase><testcase classname="" name="tests.test_phase1_backtest" time="0.000"><error message="collection failure">tests/test_phase1_backtest.py:38: in &lt;module&gt;
    _simulator_mod = _load("_test_simulator", "src/backtest/simulator.py")
                     ^^^^^^^^^^^^^^^^^^^^^^^^^^^^^^^^^^^^^^^^^^^^^^^^^^^^^
tests/test_phase1_backtest.py:28: in _load
    spec.loader.exec_module(mod)
&lt;frozen importlib._bootstrap_external&gt;:995: in exec_module
    ???
&lt;frozen importlib._bootstrap_external&gt;:1132: in get_code
    ???
&lt;frozen importlib._bootstrap_external&gt;:1190: in get_data
    ???
E   FileNotFoundError: [Errno 2] No such file or directory: '/workspace/src/backtest/simulator.py'</error></testcase><testcase classname="" name="tests.test_phase2_risk" time="0.000"><error message="collection failure">tests/test_phase2_risk.py:39: in &lt;module&gt;
    symbol_config = _load("_test_symbol_config", "src/risk/symbol_config.py")
                    ^^^^^^^^^^^^^^^^^^^^^^^^^^^^^^^^^^^^^^^^^^^^^^^^^^^^^^^^^
tests/test_phase2_risk.py:34: in _load
    spec.loader.exec_module(mod)
&lt;frozen importlib._bootstrap_external&gt;:995: in exec_module
    ???
&lt;frozen importlib._bootstrap_external&gt;:1132: in get_code
    ???
&lt;frozen importlib._bootstrap_external&gt;:1190: in get_data
    ???
E   FileNotFoundError: [Errno 2] No such file or directory: '/workspace/src/risk/symbol_config.py'</error></testcase><testcase classname="" name="tests.test_phase3_optimization" time="0.000"><error message="collection failure">tests/test_phase3_optimization.py:34: in &lt;module&gt;
    scaler_mod = _load("_test_scaler", "src/ml/scaler.py")
                 ^^^^^^^^^^^^^^^^^^^^^^^^^^^^^^^^^^^^^^^^^
tests/test_phase3_optimization.py:29: in _load
    spec.loader.exec_module(mod)
&lt;frozen importlib._bootstrap_external&gt;:995: in exec_module
    ???
&lt;frozen importlib._bootstrap_external&gt;:1132: in get_code
    ???
&lt;frozen importlib._bootstrap_external&gt;:1190: in get_data
    ???
E   FileNotFoundError: [Errno 2] No such file or directory: '/workspace/src/ml/scaler.py'</error></testcase><testcase classname="" name="tests.test_phase6_launch" time="0.000"><error message="collection failure">tests/test_phase6_launch.py:34: in &lt;module&gt;
    paper_mod = _load("_test_paper", "src/launch/paper_trading.py")
                ^^^^^^^^^^^^^^^^^^^^^^^^^^^^^^^^^^^^^^^^^^^^^^^^^^^
tests/test_phase6_launch.py:28: in _load
    spec.loader.exec_module(mod)
&lt;frozen importlib._bootstrap_external&gt;:995: in exec_module
    ???
&lt;frozen importlib._bootstrap_external&gt;:1132: in get_code
    ???
&lt;frozen importlib._bootstrap_external&gt;:1190: in get_data
    ???
E   FileNotFoundError: [Errno 2] No such file or directory: '/workspace/src/launch/paper_trading.py'</error></testcase><testcase classname="" name="tests.test_smart_money" time="0.000"><error message="collection failure">ImportError while importing test module '/workspace/tests/test_smart_money.py'.
Hint: make sure your test modules/packages have valid Python names.
Traceback:
/usr/local/lib/python3.12/importlib/__init__.py:90: in import_module
    return _bootstrap._gcd_import(name[level:], package, level)
           ^^^^^^^^^^^^^^^^^^^^^^^^^^^^^^^^^^^^^^^^^^^^^^^^^^^^
tests/test_smart_money.py:7: in &lt;module&gt;
    from src.analysis.smart_money import SmartMoneyAnalyzer
E   ModuleNotFoundError: No module named 'src.analysis'</error></testcase><testcase classname="" name="tests.test_technical" time="0.000"><error message="collection failure">ImportError while importing test module '/workspace/tests/test_technical.py'.
Hint: make sure your test modules/packages have valid Python names.
Traceback:
/usr/local/lib/python3.12/importlib/__init__.py:90: in import_module
    return _bootstrap._gcd_import(name[level:], package, level)
           ^^^^^^^^^^^^^^^^^^^^^^^^^^^^^^^^^^^^^^^^^^^^^^^^^^^^
tests/test_technical.py:7: in &lt;module&gt;
    from src.analysis.technical import TechnicalAnalyzer
E   ModuleNotFoundError: No module named 'src.analysis'</error></testcase><testcase classname="tests.test_api" name="test_health_endpoint" time="1.760"><failure message="assert 503 == 200&#10; +  where 503 = &lt;Response [503 Service Unavailable]&gt;.status_code">tests/test_api.py:13: in test_health_endpoint
    assert response.status_code == 200
E   assert 503 == 200
E    +  where 503 = &lt;Response [503 Service Unavailable]&gt;.status_code</failure></testcase><testcase classname="tests.test_api" name="test_signals_list" time="0.007"><failure message="assert 404 in (401, 403)&#10; +  where 404 = &lt;Response [404 Not Found]&gt;.status_code">tests/test_api.py:26: in test_signals_list
    assert response.status_code in (401, 403)
E   assert 404 in (401, 403)
E    +  where 404 = &lt;Response [404 Not Found]&gt;.status_code</failure></testcase><testcase classname="tests.test_api" name="test_performance_summary" time="0.006"><failure message="assert 404 in (200, 401)&#10; +  where 404 = &lt;Response [404 Not Found]&gt;.status_code">tests/test_api.py:35: in test_performance_summary
    assert response.status_code in (200, 401)
E   assert 404 in (200, 401)
E    +  where 404 = &lt;Response [404 Not Found]&gt;.status_code</failure></testcase><testcase classname="tests.test_api" name="test_auth_login_missing_credentials" time="0.004" /><testcase classname="tests.test_bot_v2_channel" name="test_create_invite_uses_single_use_and_expiry" time="0.001" /><testcase classname="tests.test_bot_v2_channel" name="test_create_invite_returns_none_when_forbidden" time="0.001" /><testcase classname="tests.test_bot_v2_channel" name="test_remove_member_bans_then_unbans" time="0.002" /><testcase classname="tests.test_bot_v2_channel" name="test_remove_member_treats_not_member_as_success" time="0.002" /><testcase classname="tests.test_bot_v2_channel" name="test_remove_member_fails_when_forbidden" time="0.002" /><testcase classname="tests.test_bot_v2_phone" name="test_valid_numbers_normalize_to_canonical[09121234567]" time="0.001" /><testcase classname="tests.test_bot_v2_phone" name="test_valid_numbers_normalize_to_canonical[+989121234567]" time="0.000" /><testcase classname="tests.test_bot_v2_phone" name="test_valid_numbers_normalize_to_canonical[00989121234567]" time="0.000" /><testcase classname="tests.test_bot_v2_phone" name="test_valid_numbers_normalize_to_canonical[989121234567]" time="0.000" /><testcase classname="tests.test_bot_v2_phone" name="test_valid_numbers_normalize_to_canonical[9121234567]" time="0.000" /><testcase classname="tests.test_bot_v2_phone" name="test_valid_numbers_normalize_to_canonical[0912 123 4567]" time="0.000" /><testcase classname="tests.test_bot_v2_phone" name="test_valid_numbers_normalize_to_canonical[0912-123-4567]" time="0.000" /><testcase classname="tests.test_bot_v2_phone" name="test_valid_numbers_normalize_to_canonical[\u06f0\u06f9\u06f1\u06f2\u06f1\u06f2\u06f3\u06f4\u06f5\u06f6\u06f7]" time="0.000" /><testcase classname="tests.test_bot_v2_phone" name="test_invalid_numbers_return_none[]" time="0.000" /><testcase classname="tests.test_bot_v2_phone" name="test_invalid_numbers_return_none[12345]" time="0.000" /><testcase classname="tests.test_bot_v2_phone" name="test_invalid_numbers_return_none[0812123456]" time="0.000" /><testcase classname="tests.test_bot_v2_phone" name="test_invalid_numbers_return_none[081234567890]" time="0.000" /><testcase classname="tests.test_bot_v2_phone" name="test_invalid_numbers_return_none[+1202555019]" time="0.000" /><testcase classname="tests.test_bot_v2_phone" name="test_invalid_numbers_return_none[0912abc4567]" time="0.000" /><testcase classname="tests.test_bot_v2_phone" name="test_invalid_numbers_return_none[0912123456]" time="0.000" /><testcase classname="tests.test_bot_v2_phone" name="test_invalid_numbers_return_none[091212345678]" time="0.000" /><testcase classname="tests.test_bot_v2_phone" name="test_is_valid_helper" time="0.000" /><testcase classname="tests.test_bot_v2_quiz" name="test_total_questions_is_four" time="0.000" /><testcase classname="tests.test_bot_v2_quiz" name="test_score_all_correct" time="0.000" /><testcase classname="tests.test_bot_v2_quiz" name="test_score_all_wrong" time="0.000" /><testcase classname="tests.test_bot_v2_quiz" name="test_score_partial" time="0.000" /><testcase classname="tests.test_bot_v2_quiz" name="test_score_missing_answers_counts_zero" time="0.000" /><testcase classname="tests.test_bot_v2_quiz" name="test_skill_level_boundaries[0-beginner]" time="0.000" /><testcase classname="tests.test_bot_v2_quiz" name="test_skill_level_boundaries[1-beginner]" time="0.000" /><testcase classname="tests.test_bot_v2_quiz" name="test_skill_level_boundaries[2-intermediate]" time="0.000" /><testcase classname="tests.test_bot_v2_quiz" name="test_skill_level_boundaries[3-advanced]" time="0.000" /><testcase classname="tests.test_bot_v2_quiz" name="test_skill_level_boundaries[4-expert]" time="0.000" /><testcase classname="tests.test_bot_v2_quiz" name="test_skill_score_percent[0-0]" time="0.000" /><testcase classname="tests.test_bot_v2_quiz" name="test_skill_score_percent[1-25]" time="0.000" /><testcase classname="tests.test_bot_v2_quiz" name="test_skill_score_percent[2-50]" time="0.000" /><testcase classname="tests.test_bot_v2_quiz" name="test_skill_score_percent[3-75]" time="0.000" /><testcase classname="tests.test_bot_v2_quiz" name="test_skill_score_percent[4-100]" time="0.000" /><testcase classname="tests.test_bot_v2_quiz" name="test_skill_label_has_emoji" time="0.000" /><testcase classname="tests.test_bot_v2_referral" name="test_generate_default_length_and_charset" time="0.000" /><testcase classname="tests.test_bot_v2_referral" name="test_generate_custom_length" time="0.000" /><testcase classname="tests.test_bot_v2_referral" name="test_generate_unique_enough" time="0.002" /><testcase classname="tests.test_bot_v2_referral" name="test_is_valid_accepts_generated" time="0.000" /><testcase classname="tests.test_bot_v2_referral" name="test_is_valid_rejects_bad" time="0.000" /><testcase classname="tests.test_bot_v2_referral" name="test_normalize_uppercases_and_strips" time="0.000" /><testcase classname="tests.test_bot_v2_subscription" name="test_plan_prices_from_settings" time="0.000" /><testcase classname="tests.test_bot_v2_subscription" name="test_plan_days[monthly-30]" time="0.000" /><testcase classname="tests.test_bot_v2_subscription" name="test_plan_days[quarterly-90]" time="0.000" /><testcase classname="tests.test_bot_v2_subscription" name="test_plan_days[biannual-180]" time="0.000" /><testcase classname="tests.test_bot_v2_subscription" name="test_is_paid_plan" time="0.000" /><testcase classname="tests.test_bot_v2_subscription" name="test_trial_expiry_uses_trial_hours" time="0.000" /><testcase classname="tests.test_bot_v2_subscription" name="test_compute_expiry_fresh_monthly" time="0.000" /><testcase classname="tests.test_bot_v2_subscription" name="test_compute_expiry_trial" time="0.000" /><testcase classname="tests.test_bot_v2_subscription" name="test_renewal_extends_from_current_expiry_not_now" time="0.000" /><testcase classname="tests.test_bot_v2_subscription" name="test_renewal_from_now_when_already_expired" time="0.000" /><testcase classname="tests.test_bot_v2_subscription" name="test_plan_label" time="0.000" /><testcase classname="tests.test_phase0_fixes" name="test_redis_client_uses_property_not_method" time="0.000" /><testcase classname="tests.test_phase0_fixes" name="test_redis_client_property_raises_when_not_connected" time="0.000" /><testcase classname="tests.test_phase0_fixes" name="test_jwt_access_token_contains_jti_and_iat" time="0.002" /><testcase classname="tests.test_phase0_fixes" name="test_two_tokens_have_different_jti" time="0.000" /><testcase classname="tests.test_phase0_fixes" name="test_refresh_token_contains_jti" time="0.000" /><testcase classname="tests.test_phase0_fixes" name="test_settings_rejects_default_passwords_in_production" time="0.002" /><testcase classname="tests.test_phase0_fixes" name="test_settings_rejects_short_jwt_secret_in_production" time="0.002" /><testcase classname="tests.test_phase0_fixes" name="test_settings_allows_defaults_in_debug" time="0.002" /><testcase classname="tests.test_phase0_fixes" name="test_settings_accepts_strong_secrets" time="0.002" /><testcase classname="tests.test_phase0_fixes" name="test_drop_unclosed_candle_removes_incomplete" time="0.001"><failure message="FileNotFoundError: [Errno 2] No such file or directory: '/workspace/src/signals/candle_utils.py'">tests/test_phase0_fixes.py:207: in test_drop_unclosed_candle_removes_incomplete
    candle_utils = _load_module_directly(
tests/test_phase0_fixes.py:37: in _load_module_directly
    spec.loader.exec_module(module)
&lt;frozen importlib._bootstrap_external&gt;:995: in exec_module
    ???
&lt;frozen importlib._bootstrap_external&gt;:1132: in get_code
    ???
&lt;frozen importlib._bootstrap_external&gt;:1190: in get_data
    ???
E   FileNotFoundError: [Errno 2] No such file or directory: '/workspace/src/signals/candle_utils.py'</failure></testcase><testcase classname="tests.test_phase0_fixes" name="test_drop_unclosed_candle_keeps_closed" time="0.001"><failure message="FileNotFoundError: [Errno 2] No such file or directory: '/workspace/src/signals/candle_utils.py'">tests/test_phase0_fixes.py:221: in test_drop_unclosed_candle_keeps_closed
    candle_utils = _load_module_directly(
tests/test_phase0_fixes.py:37: in _load_module_directly
    spec.loader.exec_module(module)
&lt;frozen importlib._bootstrap_external&gt;:995: in exec_module
    ???
&lt;frozen importlib._bootstrap_external&gt;:1132: in get_code
    ???
&lt;frozen importlib._bootstrap_external&gt;:1190: in get_data
    ???
E   FileNotFoundError: [Errno 2] No such file or directory: '/workspace/src/signals/candle_utils.py'</failure></testcase><testcase classname="tests.test_phase0_fixes" name="test_drop_unclosed_candle_handles_empty_df" time="0.000"><failure message="FileNotFoundError: [Errno 2] No such file or directory: '/workspace/src/signals/candle_utils.py'">tests/test_phase0_fixes.py:234: in test_drop_unclosed_candle_handles_empty_df
    candle_utils = _load_module_directly(
tests/test_phase0_fixes.py:37: in _load_module_directly
    spec.loader.exec_module(module)
&lt;frozen importlib._bootstrap_external&gt;:995: in exec_module
    ???
&lt;frozen importlib._bootstrap_external&gt;:1132: in get_code
    ???
&lt;frozen importlib._bootstrap_external&gt;:1190: in get_data
    ???
E   FileNotFoundError: [Errno 2] No such file or directory: '/workspace/src/signals/candle_utils.py'</failure></testcase><testcase classname="tests.test_phase0_fixes" name="test_drop_unclosed_candle_handles_unknown_timeframe" time="0.000"><failure message="FileNotFoundError: [Errno 2] No such file or directory: '/workspace/src/signals/candle_utils.py'">tests/test_phase0_fixes.py:246: in test_drop_unclosed_candle_handles_unknown_timeframe
    candle_utils = _load_module_directly(
tests/test_phase0_fixes.py:37: in _load_module_directly
    spec.loader.exec_module(module)
&lt;frozen importlib._bootstrap_external&gt;:995: in exec_module
    ???
&lt;frozen importlib._bootstrap_external&gt;:1132: in get_code
    ???
&lt;frozen importlib._bootstrap_external&gt;:1190: in get_data
    ???
E   FileNotFoundError: [Errno 2] No such file or directory: '/workspace/src/signals/candle_utils.py'</failure></testcase><testcase classname="tests.test_phase0_fixes" name="test_rate_limit_middleware_imports_correctly" time="0.000" /><testcase classname="tests.test_phase0_fixes" name="test_rate_limit_middleware_registered_in_app" time="0.000" /><testcase classname="tests.test_phase13_production_ops.TestCorrelationID" name="test_new_correlation_id_is_unique" time="0.000" /><testcase classname="tests.test_phase13_production_ops.TestCorrelationID" name="test_correlation_id_length" time="0.000" /><testcase classname="tests.test_phase13_production_ops.TestCorrelationID" name="test_context_var_starts_none" time="0.000" /><testcase classname="tests.test_phase13_production_ops.TestCorrelationID" name="test_context_manager_sets_and_resets" time="0.000" /><testcase classname="tests.test_phase13_production_ops.TestCorrelationID" name="test_context_manager_auto_generates" time="0.000" /><testcase classname="tests.test_phase13_production_ops.TestCorrelationID" name="test_processor_adds_cid_to_event_dict" time="0.000" /><testcase classname="tests.test_phase13_production_ops.TestCorrelationID" name="test_processor_no_overwrite" time="0.000" /><testcase classname="tests.test_phase13_production_ops.TestSentry" name="test_setup_with_no_dsn_skips" time="0.000" /><testcase classname="tests.test_phase13_production_ops.TestSentry" name="test_setup_with_disabled_skips" time="0.000" /><testcase classname="tests.test_phase13_production_ops.TestSentry" name="test_capture_exception_safe_when_not_initialized" time="0.000" /><testcase classname="tests.test_phase13_production_ops.TestSentry" name="test_capture_message_safe_when_not_initialized" time="0.000" /><testcase classname="tests.test_phase13_production_ops.TestTracing" name="test_trace_span_no_otel_works" time="0.005" /><testcase classname="tests.test_phase13_production_ops.TestTracing" name="test_trace_span_propagates_exceptions" time="0.000" /><testcase classname="tests.test_phase13_production_ops.TestTracing" name="test_traced_decorator_async" time="0.001" /><testcase classname="tests.test_phase13_production_ops.TestTracing" name="test_traced_decorator_sync" time="0.000" /><testcase classname="tests.test_phase13_production_ops.TestHealthChecker" name="test_all_healthy" time="0.001" /><testcase classname="tests.test_phase13_production_ops.TestHealthChecker" name="test_critical_failure_makes_unhealthy" time="0.001" /><testcase classname="tests.test_phase13_production_ops.TestHealthChecker" name="test_non_critical_failure_makes_degraded" time="0.001" /><testcase classname="tests.test_phase13_production_ops.TestHealthChecker" name="test_exception_in_check_marked_unhealthy" time="0.001" /><testcase classname="tests.test_phase13_production_ops.TestHealthChecker" name="test_timeout_marks_unhealthy" time="3.004" /><testcase classname="tests.test_phase13_production_ops.TestHealthChecker" name="test_liveness_always_healthy" time="0.001" /><testcase classname="tests.test_phase13_production_ops.TestHealthChecker" name="test_disk_space_check_runs" time="0.001" /><testcase classname="tests.test_phase13_production_ops.TestHealthChecker" name="test_disk_space_unhealthy_when_below_min" time="0.001" /><testcase classname="tests.test_phase13_production_ops.TestRateLimiterHelpers" name="test_quota_defaults_exist" time="0.000" /><testcase classname="tests.test_phase13_production_ops.TestRateLimiterHelpers" name="test_extract_user_id_handles_missing_header" time="0.003" /><testcase classname="tests.test_phase13_production_ops.TestRateLimiterHelpers" name="test_extract_tier_anonymous_for_invalid" time="0.002" /><testcase classname="tests.test_phase13_production_ops.TestInfrastructureFiles" name="test_alertmanager_config_exists" time="0.000" /><testcase classname="tests.test_phase13_production_ops.TestInfrastructureFiles" name="test_telegram_template_exists" time="0.000" /><testcase classname="tests.test_phase13_production_ops.TestInfrastructureFiles" name="test_recording_rules_exists" time="0.000" /><testcase classname="tests.test_phase13_production_ops.TestInfrastructureFiles" name="test_restore_script_exists_and_executable" time="0.000" /><testcase classname="tests.test_phase13_production_ops.TestInfrastructureFiles" name="test_dr_drill_script_exists" time="0.000" /><testcase classname="tests.test_phase13_production_ops.TestInfrastructureFiles" name="test_slo_doc_exists" time="0.000"><failure message="AssertionError: assert False&#10; +  where False = exists()&#10; +    where exists = PosixPath('/workspace/docs/SLO.md').exists">tests/test_phase13_production_ops.py:352: in test_slo_doc_exists
    assert path.exists()
E   AssertionError: assert False
E    +  where False = exists()
E    +    where exists = PosixPath('/workspace/docs/SLO.md').exists</failure></testcase><testcase classname="tests.test_phase13_production_ops.TestObservabilityInvariants" name="test_correlation_id_middleware_class_exists" time="0.000" /><testcase classname="tests.test_phase13_production_ops.TestObservabilityInvariants" name="test_sentry_redacts_sensitive_headers" time="0.000" /><testcase classname="tests.test_phase13_production_ops.TestObservabilityInvariants" name="test_health_module_has_db_redis_data_feed_checks" time="0.000" /><testcase classname="tests.test_phase15_ux.TestCompactFormatter" name="test_compact_is_short" time="0.004" /><testcase classname="tests.test_phase15_ux.TestCompactFormatter" name="test_compact_contains_essentials" time="0.004" /><testcase classname="tests.test_phase15_ux.TestCompactFormatter" name="test_compact_short_for_sell" time="0.004" /><testcase classname="tests.test_phase15_ux.TestCompactFormatter" name="test_compact_handles_missing_targets" time="0.004" /><testcase classname="tests.test_phase15_ux.TestCompactFormatter" name="test_compact_uses_html_bold" time="0.003" /><testcase classname="tests.test_phase15_ux.TestInlineKeyboard" name="test_builds_two_rows" time="0.004" /><testcase classname="tests.test_phase15_ux.TestInlineKeyboard" name="test_callback_data_includes_signal_id" time="0.004" /><testcase classname="tests.test_phase15_ux.TestInlineKeyboard" name="test_callback_data_namespaced" time="0.004" /><testcase classname="tests.test_phase15_ux.TestInlineKeyboard" name="test_buttons_have_persian_text" time="0.003" /><testcase classname="tests.test_phase15_ux.TestTierSummary" name="test_free_tier_shows_upgrade_hint" time="0.003" /><testcase classname="tests.test_phase15_ux.TestTierSummary" name="test_premium_tier_no_upgrade_hint" time="0.003" /><testcase classname="tests.test_phase15_ux.TestTierSummary" name="test_vip_tier" time="0.003" /><testcase classname="tests.test_phase15_ux.TestTierSummary" name="test_unknown_plan_falls_back_to_free" time="0.004" /><testcase classname="tests.test_phase15_ux.TestTierSummary" name="test_remaining_calculated" time="0.004" /><testcase classname="tests.test_phase15_ux.TestFrontendFiles" name="test_command_palette_exists" time="0.000"><failure message="AssertionError: assert False&#10; +  where False = exists()&#10; +    where exists = PosixPath('/workspace/frontend/admin/src/components/common/CommandPalette.jsx').exists">tests/test_phase15_ux.py:194: in test_command_palette_exists
    assert path.exists()
E   AssertionError: assert False
E    +  where False = exists()
E    +    where exists = PosixPath('/workspace/frontend/admin/src/components/common/CommandPalette.jsx').exists</failure></testcase><testcase classname="tests.test_phase15_ux.TestFrontendFiles" name="test_command_palette_has_keyboard_navigation" time="0.000"><failure message="FileNotFoundError: [Errno 2] No such file or directory: '/workspace/frontend/admin/src/components/common/CommandPalette.jsx'">tests/test_phase15_ux.py:205: in test_command_palette_has_keyboard_navigation
    ).read_text(encoding="utf-8")
      ^^^^^^^^^^^^^^^^^^^^^^^^^^^
/usr/local/lib/python3.12/pathlib.py:1027: in read_text
    with self.open(mode='r', encoding=encoding, errors=errors) as f:
         ^^^^^^^^^^^^^^^^^^^^^^^^^^^^^^^^^^^^^^^^^^^^^^^^^^^^^
/usr/local/lib/python3.12/pathlib.py:1013: in open
    return io.open(self, mode, buffering, encoding, errors, newline)
           ^^^^^^^^^^^^^^^^^^^^^^^^^^^^^^^^^^^^^^^^^^^^^^^^^^^^^^^^^
E   FileNotFoundError: [Errno 2] No such file or directory: '/workspace/frontend/admin/src/components/common/CommandPalette.jsx'</failure></testcase><testcase classname="tests.test_phase15_ux.TestFrontendFiles" name="test_command_palette_has_aria" time="0.000"><failure message="FileNotFoundError: [Errno 2] No such file or directory: '/workspace/frontend/admin/src/components/common/CommandPalette.jsx'">tests/test_phase15_ux.py:214: in test_command_palette_has_aria
    ).read_text(encoding="utf-8")
      ^^^^^^^^^^^^^^^^^^^^^^^^^^^
/usr/local/lib/python3.12/pathlib.py:1027: in read_text
    with self.open(mode='r', encoding=encoding, errors=errors) as f:
         ^^^^^^^^^^^^^^^^^^^^^^^^^^^^^^^^^^^^^^^^^^^^^^^^^^^^^
/usr/local/lib/python3.12/pathlib.py:1013: in open
    return io.open(self, mode, buffering, encoding, errors, newline)
           ^^^^^^^^^^^^^^^^^^^^^^^^^^^^^^^^^^^^^^^^^^^^^^^^^^^^^^^^^
E   FileNotFoundError: [Errno 2] No such file or directory: '/workspace/frontend/admin/src/components/common/CommandPalette.jsx'</failure></testcase><testcase classname="tests.test_phase15_ux.TestFrontendFiles" name="test_empty_state_component_exists" time="0.000"><failure message="AssertionError: assert False&#10; +  where False = exists()&#10; +    where exists = PosixPath('/workspace/frontend/admin/src/components/common/EmptyState.jsx').exists">tests/test_phase15_ux.py:220: in test_empty_state_component_exists
    assert path.exists()
E   AssertionError: assert False
E    +  where False = exists()
E    +    where exists = PosixPath('/workspace/frontend/admin/src/components/common/EmptyState.jsx').exists</failure></testcase><testcase classname="tests.test_phase15_ux.TestFrontendFiles" name="test_skeleton_components_exist" time="0.000"><failure message="AssertionError: assert False&#10; +  where False = exists()&#10; +    where exists = PosixPath('/workspace/frontend/admin/src/components/common/Skeleton.jsx').exists">tests/test_phase15_ux.py:230: in test_skeleton_components_exist
    assert path.exists()
E   AssertionError: assert False
E    +  where False = exists()
E    +    where exists = PosixPath('/workspace/frontend/admin/src/components/common/Skeleton.jsx').exists</failure></testcase><testcase classname="tests.test_phase15_ux.TestSidebarMobile" name="test_sidebar_uses_media_query" time="0.000"><failure message="FileNotFoundError: [Errno 2] No such file or directory: '/workspace/frontend/admin/src/components/Layout/Sidebar.jsx'">tests/test_phase15_ux.py:249: in test_sidebar_uses_media_query
    ).read_text(encoding="utf-8")
      ^^^^^^^^^^^^^^^^^^^^^^^^^^^
/usr/local/lib/python3.12/pathlib.py:1027: in read_text
    with self.open(mode='r', encoding=encoding, errors=errors) as f:
         ^^^^^^^^^^^^^^^^^^^^^^^^^^^^^^^^^^^^^^^^^^^^^^^^^^^^^
/usr/local/lib/python3.12/pathlib.py:1013: in open
    return io.open(self, mode, buffering, encoding, errors, newline)
           ^^^^^^^^^^^^^^^^^^^^^^^^^^^^^^^^^^^^^^^^^^^^^^^^^^^^^^^^^
E   FileNotFoundError: [Errno 2] No such file or directory: '/workspace/frontend/admin/src/components/Layout/Sidebar.jsx'</failure></testcase><testcase classname="tests.test_phase15_ux.TestSidebarMobile" name="test_sidebar_has_drawer_state" time="0.000"><failure message="FileNotFoundError: [Errno 2] No such file or directory: '/workspace/frontend/admin/src/components/Layout/Sidebar.jsx'">tests/test_phase15_ux.py:256: in test_sidebar_has_drawer_state
    ).read_text(encoding="utf-8")
      ^^^^^^^^^^^^^^^^^^^^^^^^^^^
/usr/local/lib/python3.12/pathlib.py:1027: in read_text
    with self.open(mode='r', encoding=encoding, errors=errors) as f:
         ^^^^^^^^^^^^^^^^^^^^^^^^^^^^^^^^^^^^^^^^^^^^^^^^^^^^^
/usr/local/lib/python3.12/pathlib.py:1013: in open
    return io.open(self, mode, buffering, encoding, errors, newline)
           ^^^^^^^^^^^^^^^^^^^^^^^^^^^^^^^^^^^^^^^^^^^^^^^^^^^^^^^^^
E   FileNotFoundError: [Errno 2] No such file or directory: '/workspace/frontend/admin/src/components/Layout/Sidebar.jsx'</failure></testcase><testcase classname="tests.test_phase15_ux.TestSidebarMobile" name="test_sidebar_has_overlay" time="0.000"><failure message="FileNotFoundError: [Errno 2] No such file or directory: '/workspace/frontend/admin/src/components/Layout/Sidebar.jsx'">tests/test_phase15_ux.py:263: in test_sidebar_has_overlay
    ).read_text(encoding="utf-8")
      ^^^^^^^^^^^^^^^^^^^^^^^^^^^
/usr/local/lib/python3.12/pathlib.py:1027: in read_text
    with self.open(mode='r', encoding=encoding, errors=errors) as f:
         ^^^^^^^^^^^^^^^^^^^^^^^^^^^^^^^^^^^^^^^^^^^^^^^^^^^^^
/usr/local/lib/python3.12/pathlib.py:1013: in open
    return io.open(self, mode, buffering, encoding, errors, newline)
           ^^^^^^^^^^^^^^^^^^^^^^^^^^^^^^^^^^^^^^^^^^^^^^^^^^^^^^^^^
E   FileNotFoundError: [Errno 2] No such file or directory: '/workspace/frontend/admin/src/components/Layout/Sidebar.jsx'</failure></testcase><testcase classname="tests.test_phase15_ux.TestSidebarMobile" name="test_sidebar_has_focus_visible" time="0.000"><failure message="FileNotFoundError: [Errno 2] No such file or directory: '/workspace/frontend/admin/src/components/Layout/Sidebar.jsx'">tests/test_phase15_ux.py:273: in test_sidebar_has_focus_visible
    ).read_text(encoding="utf-8")
      ^^^^^^^^^^^^^^^^^^^^^^^^^^^
/usr/local/lib/python3.12/pathlib.py:1027: in read_text
    with self.open(mode='r', encoding=encoding, errors=errors) as f:
         ^^^^^^^^^^^^^^^^^^^^^^^^^^^^^^^^^^^^^^^^^^^^^^^^^^^^^
/usr/local/lib/python3.12/pathlib.py:1013: in open
    return io.open(self, mode, buffering, encoding, errors, newline)
           ^^^^^^^^^^^^^^^^^^^^^^^^^^^^^^^^^^^^^^^^^^^^^^^^^^^^^^^^^
E   FileNotFoundError: [Errno 2] No such file or directory: '/workspace/frontend/admin/src/components/Layout/Sidebar.jsx'</failure></testcase><testcase classname="tests.test_phase15_ux.TestSidebarMobile" name="test_admin_layout_has_hamburger" time="0.000"><failure message="FileNotFoundError: [Errno 2] No such file or directory: '/workspace/frontend/admin/src/components/Layout/AdminLayout.jsx'">tests/test_phase15_ux.py:279: in test_admin_layout_has_hamburger
    ).read_text(encoding="utf-8")
      ^^^^^^^^^^^^^^^^^^^^^^^^^^^
/usr/local/lib/python3.12/pathlib.py:1027: in read_text
    with self.open(mode='r', encoding=encoding, errors=errors) as f:
         ^^^^^^^^^^^^^^^^^^^^^^^^^^^^^^^^^^^^^^^^^^^^^^^^^^^^^
/usr/local/lib/python3.12/pathlib.py:1013: in open
    return io.open(self, mode, buffering, encoding, errors, newline)
           ^^^^^^^^^^^^^^^^^^^^^^^^^^^^^^^^^^^^^^^^^^^^^^^^^^^^^^^^^
E   FileNotFoundError: [Errno 2] No such file or directory: '/workspace/frontend/admin/src/components/Layout/AdminLayout.jsx'</failure></testcase><testcase classname="tests.test_phase15_ux.TestSidebarMobile" name="test_admin_layout_includes_command_palette" time="0.000"><failure message="FileNotFoundError: [Errno 2] No such file or directory: '/workspace/frontend/admin/src/components/Layout/AdminLayout.jsx'">tests/test_phase15_ux.py:287: in test_admin_layout_includes_command_palette
    ).read_text(encoding="utf-8")
      ^^^^^^^^^^^^^^^^^^^^^^^^^^^
/usr/local/lib/python3.12/pathlib.py:1027: in read_text
    with self.open(mode='r', encoding=encoding, errors=errors) as f:
         ^^^^^^^^^^^^^^^^^^^^^^^^^^^^^^^^^^^^^^^^^^^^^^^^^^^^^
/usr/local/lib/python3.12/pathlib.py:1013: in open
    return io.open(self, mode, buffering, encoding, errors, newline)
           ^^^^^^^^^^^^^^^^^^^^^^^^^^^^^^^^^^^^^^^^^^^^^^^^^^^^^^^^^
E   FileNotFoundError: [Errno 2] No such file or directory: '/workspace/frontend/admin/src/components/Layout/AdminLayout.jsx'</failure></testcase><testcase classname="tests.test_phase15_ux.TestStoreMobileDrawer" name="test_store_has_mobile_drawer_actions" time="0.000"><failure message="FileNotFoundError: [Errno 2] No such file or directory: '/workspace/frontend/admin/src/store/index.js'">tests/test_phase15_ux.py:300: in test_store_has_mobile_drawer_actions
    ).read_text(encoding="utf-8")
      ^^^^^^^^^^^^^^^^^^^^^^^^^^^
/usr/local/lib/python3.12/pathlib.py:1027: in read_text
    with self.open(mode='r', encoding=encoding, errors=errors) as f:
         ^^^^^^^^^^^^^^^^^^^^^^^^^^^^^^^^^^^^^^^^^^^^^^^^^^^^^
/usr/local/lib/python3.12/pathlib.py:1013: in open
    return io.open(self, mode, buffering, encoding, errors, newline)
           ^^^^^^^^^^^^^^^^^^^^^^^^^^^^^^^^^^^^^^^^^^^^^^^^^^^^^^^^^
E   FileNotFoundError: [Errno 2] No such file or directory: '/workspace/frontend/admin/src/store/index.js'</failure></testcase><testcase classname="tests.test_phase15_ux.TestStoreMobileDrawer" name="test_store_excludes_drawer_from_persist" time="0.000"><failure message="FileNotFoundError: [Errno 2] No such file or directory: '/workspace/frontend/admin/src/store/index.js'">tests/test_phase15_ux.py:310: in test_store_excludes_drawer_from_persist
    ).read_text(encoding="utf-8")
      ^^^^^^^^^^^^^^^^^^^^^^^^^^^
/usr/local/lib/python3.12/pathlib.py:1027: in read_text
    with self.open(mode='r', encoding=encoding, errors=errors) as f:
         ^^^^^^^^^^^^^^^^^^^^^^^^^^^^^^^^^^^^^^^^^^^^^^^^^^^^^
/usr/local/lib/python3.12/pathlib.py:1013: in open
    return io.open(self, mode, buffering, encoding, errors, newline)
           ^^^^^^^^^^^^^^^^^^^^^^^^^^^^^^^^^^^^^^^^^^^^^^^^^^^^^^^^^
E   FileNotFoundError: [Errno 2] No such file or directory: '/workspace/frontend/admin/src/store/index.js'</failure></testcase><testcase classname="tests.test_phase15_ux.TestI18n" name="test_i18n_module_exists" time="0.000"><failure message="AssertionError: assert False&#10; +  where False = exists()&#10; +    where exists = PosixPath('/workspace/frontend/admin/src/i18n/index.js').exists">tests/test_phase15_ux.py:323: in test_i18n_module_exists
    assert path.exists()
E   AssertionError: assert False
E    +  where False = exists()
E    +    where exists = PosixPath('/workspace/frontend/admin/src/i18n/index.js').exists</failure></testcase><testcase classname="tests.test_phase15_ux.TestI18n" name="test_i18n_has_translations_dictionary" time="0.000"><failure message="FileNotFoundError: [Errno 2] No such file or directory: '/workspace/frontend/admin/src/i18n/index.js'">tests/test_phase15_ux.py:328: in test_i18n_has_translations_dictionary
    ).read_text(encoding="utf-8")
      ^^^^^^^^^^^^^^^^^^^^^^^^^^^
/usr/local/lib/python3.12/pathlib.py:1027: in read_text
    with self.open(mode='r', encoding=encoding, errors=errors) as f:
         ^^^^^^^^^^^^^^^^^^^^^^^^^^^^^^^^^^^^^^^^^^^^^^^^^^^^^
/usr/local/lib/python3.12/pathlib.py:1013: in open
    return io.open(self, mode, buffering, encoding, errors, newline)
           ^^^^^^^^^^^^^^^^^^^^^^^^^^^^^^^^^^^^^^^^^^^^^^^^^^^^^^^^^
E   FileNotFoundError: [Errno 2] No such file or directory: '/workspace/frontend/admin/src/i18n/index.js'</failure></testcase><testcase classname="tests.test_phase15_ux.TestI18n" name="test_i18n_has_common_keys" time="0.000"><failure message="FileNotFoundError: [Errno 2] No such file or directory: '/workspace/frontend/admin/src/i18n/index.js'">tests/test_phase15_ux.py:335: in test_i18n_has_common_keys
    ).read_text(encoding="utf-8")
      ^^^^^^^^^^^^^^^^^^^^^^^^^^^
/usr/local/lib/python3.12/pathlib.py:1027: in read_text
    with self.open(mode='r', encoding=encoding, errors=errors) as f:
         ^^^^^^^^^^^^^^^^^^^^^^^^^^^^^^^^^^^^^^^^^^^^^^^^^^^^^
/usr/local/lib/python3.12/pathlib.py:1013: in open
    return io.open(self, mode, buffering, encoding, errors, newline)
           ^^^^^^^^^^^^^^^^^^^^^^^^^^^^^^^^^^^^^^^^^^^^^^^^^^^^^^^^^
E   FileNotFoundError: [Errno 2] No such file or directory: '/workspace/frontend/admin/src/i18n/index.js'</failure></testcase><testcase classname="tests.test_phase15_ux.TestI18n" name="test_i18n_supports_interpolation" time="0.000"><failure message="FileNotFoundError: [Errno 2] No such file or directory: '/workspace/frontend/admin/src/i18n/index.js'">tests/test_phase15_ux.py:351: in test_i18n_supports_interpolation
    ).read_text(encoding="utf-8")
      ^^^^^^^^^^^^^^^^^^^^^^^^^^^
/usr/local/lib/python3.12/pathlib.py:1027: in read_text
    with self.open(mode='r', encoding=encoding, errors=errors) as f:
         ^^^^^^^^^^^^^^^^^^^^^^^^^^^^^^^^^^^^^^^^^^^^^^^^^^^^^
/usr/local/lib/python3.12/pathlib.py:1013: in open
    return io.open(self, mode, buffering, encoding, errors, newline)
           ^^^^^^^^^^^^^^^^^^^^^^^^^^^^^^^^^^^^^^^^^^^^^^^^^^^^^^^^^
E   FileNotFoundError: [Errno 2] No such file or directory: '/workspace/frontend/admin/src/i18n/index.js'</failure></testcase><testcase classname="tests.test_phase15_ux.TestI18n" name="test_i18n_helpers_exported" time="0.000"><failure message="FileNotFoundError: [Errno 2] No such file or directory: '/workspace/frontend/admin/src/i18n/index.js'">tests/test_phase15_ux.py:360: in test_i18n_helpers_exported
    ).read_text(encoding="utf-8")
      ^^^^^^^^^^^^^^^^^^^^^^^^^^^
/usr/local/lib/python3.12/pathlib.py:1027: in read_text
    with self.open(mode='r', encoding=encoding, errors=errors) as f:
         ^^^^^^^^^^^^^^^^^^^^^^^^^^^^^^^^^^^^^^^^^^^^^^^^^^^^^
/usr/local/lib/python3.12/pathlib.py:1013: in open
    return io.open(self, mode, buffering, encoding, errors, newline)
           ^^^^^^^^^^^^^^^^^^^^^^^^^^^^^^^^^^^^^^^^^^^^^^^^^^^^^^^^^
E   FileNotFoundError: [Errno 2] No such file or directory: '/workspace/frontend/admin/src/i18n/index.js'</failure></testcase><testcase classname="tests.test_phase4_quality.TestSecretRedactor" name="test_redacts_password_field" time="0.000" /><testcase classname="tests.test_phase4_quality.TestSecretRedactor" name="test_redacts_token_fields" time="0.000" /><testcase classname="tests.test_phase4_quality.TestSecretRedactor" name="test_redacts_authorization_field" time="0.000" /><testcase classname="tests.test_phase4_quality.TestSecretRedactor" name="test_redacts_jwt_in_string_value" time="0.000" /><testcase classname="tests.test_phase4_quality.TestSecretRedactor" name="test_redacts_bearer_token_in_string" time="0.000" /><testcase classname="tests.test_phase4_quality.TestSecretRedactor" name="test_redacts_recursively_in_nested_dict" time="0.000" /><testcase classname="tests.test_phase4_quality.TestSecretRedactor" name="test_redacts_in_lists" time="0.000" /><testcase classname="tests.test_phase4_quality.TestSecretRedactor" name="test_non_string_values_unchanged" time="0.000" /><testcase classname="tests.test_phase4_quality.TestSecretRedactor" name="test_case_insensitive_key_matching" time="0.000" /><testcase classname="tests.test_phase4_quality.TestSecretRedactor" name="test_safe_keys_not_redacted" time="0.000" /><testcase classname="tests.test_phase4_quality.TestCorsConfig" name="test_parse_origins_empty" time="0.001" /><testcase classname="tests.test_phase4_quality.TestCorsConfig" name="test_parse_origins_single" time="0.001" /><testcase classname="tests.test_phase4_quality.TestCorsConfig" name="test_parse_origins_multiple" time="0.001" /><testcase classname="tests.test_phase4_quality.TestCorsConfig" name="test_default_dev_origins_no_wildcard" time="0.001" /><testcase classname="tests.test_phase4_quality.TestCorsConfig" name="test_default_production_origins_https_only" time="0.001"><failure message="AssertionError: production origin غیر-https: capacitor://localhost&#10;assert False&#10; +  where False = &lt;built-in method startswith of str object at 0x75afa1ef75b0&gt;('https://')&#10; +    where &lt;built-in method startswith of str object at 0x75afa1ef75b0&gt; = 'capacitor://localhost'.startswith">tests/test_phase4_quality.py:168: in test_default_production_origins_https_only
    assert origin.startswith("https://"), f"production origin غیر-https: {origin}"
E   AssertionError: production origin غیر-https: capacitor://localhost
E   assert False
E    +  where False = &lt;built-in method startswith of str object at 0x75afa1ef75b0&gt;('https://')
E    +    where &lt;built-in method startswith of str object at 0x75afa1ef75b0&gt; = 'capacitor://localhost'.startswith</failure></testcase><testcase classname="tests.test_phase4_quality.TestFailoverLock" name="test_feed_manager_has_failover_lock" time="0.001" /><testcase classname="tests.test_phase4_quality.TestConnectionPools" name="test_db_pool_settings_present" time="0.001" /><testcase classname="tests.test_phase4_quality.TestConnectionPools" name="test_database_uses_settings_pool_size" time="0.000" /><testcase classname="tests.test_phase4_quality.TestGetDb" name="test_get_db_uses_in_transaction_check" time="0.000" /><testcase classname="tests.test_phase4_quality.TestTimezoneConsistency" name="test_no_utcnow_in_src" time="0.009"><failure message="AssertionError: datetime.utcnow() پیدا شد در: ['src/api/routes/academy.py']. از datetime.now(timezone.utc) استفاده کنید.&#10;assert not ['src/api/routes/academy.py']">tests/test_phase4_quality.py:251: in test_no_utcnow_in_src
    assert not violations, (
E   AssertionError: datetime.utcnow() پیدا شد در: ['src/api/routes/academy.py']. از datetime.now(timezone.utc) استفاده کنید.
E   assert not ['src/api/routes/academy.py']</failure></testcase><testcase classname="tests.test_phase5_frontend.TestAdminAppRoutes" name="test_backtest_route_registered" time="0.000"><failure message="FileNotFoundError: [Errno 2] No such file or directory: '/workspace/frontend/admin/src/App.jsx'">tests/test_phase5_frontend.py:44: in test_backtest_route_registered
    app_jsx = (REPO_ROOT / "frontend/admin/src/App.jsx").read_text(encoding="utf-8")
              ^^^^^^^^^^^^^^^^^^^^^^^^^^^^^^^^^^^^^^^^^^^^^^^^^^^^^^^^^^^^^^^^^^^^^^
/usr/local/lib/python3.12/pathlib.py:1027: in read_text
    with self.open(mode='r', encoding=encoding, errors=errors) as f:
         ^^^^^^^^^^^^^^^^^^^^^^^^^^^^^^^^^^^^^^^^^^^^^^^^^^^^^
/usr/local/lib/python3.12/pathlib.py:1013: in open
    return io.open(self, mode, buffering, encoding, errors, newline)
           ^^^^^^^^^^^^^^^^^^^^^^^^^^^^^^^^^^^^^^^^^^^^^^^^^^^^^^^^^
E   FileNotFoundError: [Errno 2] No such file or directory: '/workspace/frontend/admin/src/App.jsx'</failure></testcase><testcase classname="tests.test_phase5_frontend.TestAdminAppRoutes" name="test_risk_route_registered" time="0.000"><failure message="FileNotFoundError: [Errno 2] No such file or directory: '/workspace/frontend/admin/src/App.jsx'">tests/test_phase5_frontend.py:49: in test_risk_route_registered
    app_jsx = (REPO_ROOT / "frontend/admin/src/App.jsx").read_text(encoding="utf-8")
              ^^^^^^^^^^^^^^^^^^^^^^^^^^^^^^^^^^^^^^^^^^^^^^^^^^^^^^^^^^^^^^^^^^^^^^
/usr/local/lib/python3.12/pathlib.py:1027: in read_text
    with self.open(mode='r', encoding=encoding, errors=errors) as f:
         ^^^^^^^^^^^^^^^^^^^^^^^^^^^^^^^^^^^^^^^^^^^^^^^^^^^^^
/usr/local/lib/python3.12/pathlib.py:1013: in open
    return io.open(self, mode, buffering, encoding, errors, newline)
           ^^^^^^^^^^^^^^^^^^^^^^^^^^^^^^^^^^^^^^^^^^^^^^^^^^^^^^^^^
E   FileNotFoundError: [Errno 2] No such file or directory: '/workspace/frontend/admin/src/App.jsx'</failure></testcase><testcase classname="tests.test_phase5_frontend.TestAdminAppRoutes" name="test_backtest_page_exists" time="0.000"><failure message="AssertionError: BacktestPage.jsx ساخته نشده&#10;assert False&#10; +  where False = exists()&#10; +    where exists = PosixPath('/workspace/frontend/admin/src/pages/BacktestPage.jsx').exists">tests/test_phase5_frontend.py:55: in test_backtest_page_exists
    assert path.exists(), "BacktestPage.jsx ساخته نشده"
E   AssertionError: BacktestPage.jsx ساخته نشده
E   assert False
E    +  where False = exists()
E    +    where exists = PosixPath('/workspace/frontend/admin/src/pages/BacktestPage.jsx').exists</failure></testcase><testcase classname="tests.test_phase5_frontend.TestAdminAppRoutes" name="test_risk_page_exists" time="0.000"><failure message="AssertionError: RiskPage.jsx ساخته نشده&#10;assert False&#10; +  where False = exists()&#10; +    where exists = PosixPath('/workspace/frontend/admin/src/pages/RiskPage.jsx').exists">tests/test_phase5_frontend.py:66: in test_risk_page_exists
    assert path.exists(), "RiskPage.jsx ساخته نشده"
E   AssertionError: RiskPage.jsx ساخته نشده
E   assert False
E    +  where False = exists()
E    +    where exists = PosixPath('/workspace/frontend/admin/src/pages/RiskPage.jsx').exists</failure></testcase><testcase classname="tests.test_phase5_frontend.TestSidebarNavigation" name="test_sidebar_includes_backtest" time="0.000"><failure message="FileNotFoundError: [Errno 2] No such file or directory: '/workspace/frontend/admin/src/components/Layout/Sidebar.jsx'">tests/test_phase5_frontend.py:79: in test_sidebar_includes_backtest
    sidebar = (REPO_ROOT / "frontend/admin/src/components/Layout/Sidebar.jsx").read_text(encoding="utf-8")
              ^^^^^^^^^^^^^^^^^^^^^^^^^^^^^^^^^^^^^^^^^^^^^^^^^^^^^^^^^^^^^^^^^^^^^^^^^^^^^^^^^^^^^^^^^^^^
/usr/local/lib/python3.12/pathlib.py:1027: in read_text
    with self.open(mode='r', encoding=encoding, errors=errors) as f:
         ^^^^^^^^^^^^^^^^^^^^^^^^^^^^^^^^^^^^^^^^^^^^^^^^^^^^^
/usr/local/lib/python3.12/pathlib.py:1013: in open
    return io.open(self, mode, buffering, encoding, errors, newline)
           ^^^^^^^^^^^^^^^^^^^^^^^^^^^^^^^^^^^^^^^^^^^^^^^^^^^^^^^^^
E   FileNotFoundError: [Errno 2] No such file or directory: '/workspace/frontend/admin/src/components/Layout/Sidebar.jsx'</failure></testcase><testcase classname="tests.test_phase5_frontend.TestSidebarNavigation" name="test_sidebar_includes_risk" time="0.000"><failure message="FileNotFoundError: [Errno 2] No such file or directory: '/workspace/frontend/admin/src/components/Layout/Sidebar.jsx'">tests/test_phase5_frontend.py:83: in test_sidebar_includes_risk
    sidebar = (REPO_ROOT / "frontend/admin/src/components/Layout/Sidebar.jsx").read_text(encoding="utf-8")
              ^^^^^^^^^^^^^^^^^^^^^^^^^^^^^^^^^^^^^^^^^^^^^^^^^^^^^^^^^^^^^^^^^^^^^^^^^^^^^^^^^^^^^^^^^^^^
/usr/local/lib/python3.12/pathlib.py:1027: in read_text
    with self.open(mode='r', encoding=encoding, errors=errors) as f:
         ^^^^^^^^^^^^^^^^^^^^^^^^^^^^^^^^^^^^^^^^^^^^^^^^^^^^^
/usr/local/lib/python3.12/pathlib.py:1013: in open
    return io.open(self, mode, buffering, encoding, errors, newline)
           ^^^^^^^^^^^^^^^^^^^^^^^^^^^^^^^^^^^^^^^^^^^^^^^^^^^^^^^^^
E   FileNotFoundError: [Errno 2] No such file or directory: '/workspace/frontend/admin/src/components/Layout/Sidebar.jsx'</failure></testcase><testcase classname="tests.test_phase5_frontend.TestApiClient" name="test_backtest_api_exported" time="0.001"><failure message="FileNotFoundError: [Errno 2] No such file or directory: '/workspace/frontend/admin/src/api/client.js'">tests/test_phase5_frontend.py:91: in test_backtest_api_exported
    content = (REPO_ROOT / "frontend/admin/src/api/client.js").read_text(encoding="utf-8")
              ^^^^^^^^^^^^^^^^^^^^^^^^^^^^^^^^^^^^^^^^^^^^^^^^^^^^^^^^^^^^^^^^^^^^^^^^^^^^
/usr/local/lib/python3.12/pathlib.py:1027: in read_text
    with self.open(mode='r', encoding=encoding, errors=errors) as f:
         ^^^^^^^^^^^^^^^^^^^^^^^^^^^^^^^^^^^^^^^^^^^^^^^^^^^^^
/usr/local/lib/python3.12/pathlib.py:1013: in open
    return io.open(self, mode, buffering, encoding, errors, newline)
           ^^^^^^^^^^^^^^^^^^^^^^^^^^^^^^^^^^^^^^^^^^^^^^^^^^^^^^^^^
E   FileNotFoundError: [Errno 2] No such file or directory: '/workspace/frontend/admin/src/api/client.js'</failure></testcase><testcase classname="tests.test_phase5_frontend.TestApiClient" name="test_risk_api_exported" time="0.000"><failure message="FileNotFoundError: [Errno 2] No such file or directory: '/workspace/frontend/admin/src/api/client.js'">tests/test_phase5_frontend.py:101: in test_risk_api_exported
    content = (REPO_ROOT / "frontend/admin/src/api/client.js").read_text(encoding="utf-8")
              ^^^^^^^^^^^^^^^^^^^^^^^^^^^^^^^^^^^^^^^^^^^^^^^^^^^^^^^^^^^^^^^^^^^^^^^^^^^^
/usr/local/lib/python3.12/pathlib.py:1027: in read_text
    with self.open(mode='r', encoding=encoding, errors=errors) as f:
         ^^^^^^^^^^^^^^^^^^^^^^^^^^^^^^^^^^^^^^^^^^^^^^^^^^^^^
/usr/local/lib/python3.12/pathlib.py:1013: in open
    return io.open(self, mode, buffering, encoding, errors, newline)
           ^^^^^^^^^^^^^^^^^^^^^^^^^^^^^^^^^^^^^^^^^^^^^^^^^^^^^^^^^
E   FileNotFoundError: [Errno 2] No such file or directory: '/workspace/frontend/admin/src/api/client.js'</failure></testcase><testcase classname="tests.test_phase5_frontend.TestRiskRoutes" name="test_risk_module_loadable" time="0.000"><failure message="FileNotFoundError: [Errno 2] No such file or directory: '/workspace/src/api/routes/risk.py'">tests/test_phase5_frontend.py:120: in test_risk_module_loadable
    content = (REPO_ROOT / "src/api/routes/risk.py").read_text(encoding="utf-8")
              ^^^^^^^^^^^^^^^^^^^^^^^^^^^^^^^^^^^^^^^^^^^^^^^^^^^^^^^^^^^^^^^^^^
/usr/local/lib/python3.12/pathlib.py:1027: in read_text
    with self.open(mode='r', encoding=encoding, errors=errors) as f:
         ^^^^^^^^^^^^^^^^^^^^^^^^^^^^^^^^^^^^^^^^^^^^^^^^^^^^^
/usr/local/lib/python3.12/pathlib.py:1013: in open
    return io.open(self, mode, buffering, encoding, errors, newline)
           ^^^^^^^^^^^^^^^^^^^^^^^^^^^^^^^^^^^^^^^^^^^^^^^^^^^^^^^^^
E   FileNotFoundError: [Errno 2] No such file or directory: '/workspace/src/api/routes/risk.py'</failure></testcase><testcase classname="tests.test_phase5_frontend.TestRiskRoutes" name="test_risk_router_mounted_in_main" time="0.001"><failure message="assert ('risk,' in '&quot;&quot;&quot;\nماژول اصلی FastAPI برای پلتفرم سیگنال فارکس.\n\nاین ماژول اپلیکیشن FastAPI را با تمام میان\u200cافزارها، مسیرها ...tags=[&quot;بازارنما — داشبورد/بازار&quot;])\napp.include_router(ig_panel.router, prefix=&quot;/ig&quot;, tags=[&quot;پنل مستقل اینستاگرام&quot;])\n' or 'risk\n' in '&quot;&quot;&quot;\nماژول اصلی FastAPI برای پلتفرم سیگنال فارکس.\n\nاین ماژول اپلیکیشن FastAPI را با تمام میان\u200cافزارها، مسیرها ...tags=[&quot;بازارنما — داشبورد/بازار&quot;])\napp.include_router(ig_panel.router, prefix=&quot;/ig&quot;, tags=[&quot;پنل مستقل اینستاگرام&quot;])\n')">tests/test_phase5_frontend.py:132: in test_risk_router_mounted_in_main
    assert "risk," in main or "risk\n" in main
E   assert ('risk,' in '"""\nماژول اصلی FastAPI برای پلتفرم سیگنال فارکس.\n\nاین ماژول اپلیکیشن FastAPI را با تمام میان\u200cافزارها، مسیرها ...tags=["بازارنما — داشبورد/بازار"])\napp.include_router(ig_panel.router, prefix="/ig", tags=["پنل مستقل اینستاگرام"])\n' or 'risk\n' in '"""\nماژول اصلی FastAPI برای پلتفرم سیگنال فارکس.\n\nاین ماژول اپلیکیشن FastAPI را با تمام میان\u200cافزارها، مسیرها ...tags=["بازارنما — داشبورد/بازار"])\napp.include_router(ig_panel.router, prefix="/ig", tags=["پنل مستقل اینستاگرام"])\n')</failure></testcase><testcase classname="tests.test_phase5_frontend.TestRiskRoutes" name="test_risk_uses_admin_auth" time="0.000"><failure message="FileNotFoundError: [Errno 2] No such file or directory: '/workspace/src/api/routes/risk.py'">tests/test_phase5_frontend.py:136: in test_risk_uses_admin_auth
    content = (REPO_ROOT / "src/api/routes/risk.py").read_text(encoding="utf-8")
              ^^^^^^^^^^^^^^^^^^^^^^^^^^^^^^^^^^^^^^^^^^^^^^^^^^^^^^^^^^^^^^^^^^
/usr/local/lib/python3.12/pathlib.py:1027: in read_text
    with self.open(mode='r', encoding=encoding, errors=errors) as f:
         ^^^^^^^^^^^^^^^^^^^^^^^^^^^^^^^^^^^^^^^^^^^^^^^^^^^^^
/usr/local/lib/python3.12/pathlib.py:1013: in open
    return io.open(self, mode, buffering, encoding, errors, newline)
           ^^^^^^^^^^^^^^^^^^^^^^^^^^^^^^^^^^^^^^^^^^^^^^^^^^^^^^^^^
E   FileNotFoundError: [Errno 2] No such file or directory: '/workspace/src/api/routes/risk.py'</failure></testcase><testcase classname="tests.test_phase5_frontend.TestFormatterEnhancements" name="test_signal_without_extras_still_formats" time="0.005" /><testcase classname="tests.test_phase5_frontend.TestFormatterEnhancements" name="test_dominant_component_displayed" time="0.004" /><testcase classname="tests.test_phase5_frontend.TestFormatterEnhancements" name="test_market_regime_displayed" time="0.004" /><testcase classname="tests.test_phase5_frontend.TestFormatterEnhancements" name="test_session_displayed" time="0.004" /><testcase classname="tests.test_phase5_frontend.TestFormatterEnhancements" name="test_higher_tf_bias_displayed_when_not_neutral" time="0.004" /><testcase classname="tests.test_phase7_followups.TestDSTHandling" name="test_eu_dst_in_summer" time="0.001"><error message="failed on setup with &quot;FileNotFoundError: [Errno 2] No such file or directory: '/workspace/src/risk/session_filter.py'&quot;">tests/test_phase7_followups.py:46: in session_filter
    return _load("_test_sess_dst", "src/risk/session_filter.py")
           ^^^^^^^^^^^^^^^^^^^^^^^^^^^^^^^^^^^^^^^^^^^^^^^^^^^^^
tests/test_phase7_followups.py:31: in _load
    spec.loader.exec_module(mod)
&lt;frozen importlib._bootstrap_external&gt;:995: in exec_module
    ???
&lt;frozen importlib._bootstrap_external&gt;:1132: in get_code
    ???
&lt;frozen importlib._bootstrap_external&gt;:1190: in get_data
    ???
E   FileNotFoundError: [Errno 2] No such file or directory: '/workspace/src/risk/session_filter.py'</error></testcase><testcase classname="tests.test_phase7_followups.TestDSTHandling" name="test_eu_dst_in_winter" time="0.000"><error message="failed on setup with &quot;FileNotFoundError: [Errno 2] No such file or directory: '/workspace/src/risk/session_filter.py'&quot;">tests/test_phase7_followups.py:46: in session_filter
    return _load("_test_sess_dst", "src/risk/session_filter.py")
           ^^^^^^^^^^^^^^^^^^^^^^^^^^^^^^^^^^^^^^^^^^^^^^^^^^^^^
tests/test_phase7_followups.py:31: in _load
    spec.loader.exec_module(mod)
&lt;frozen importlib._bootstrap_external&gt;:995: in exec_module
    ???
&lt;frozen importlib._bootstrap_external&gt;:1132: in get_code
    ???
&lt;frozen importlib._bootstrap_external&gt;:1190: in get_data
    ???
E   FileNotFoundError: [Errno 2] No such file or directory: '/workspace/src/risk/session_filter.py'</error></testcase><testcase classname="tests.test_phase7_followups.TestDSTHandling" name="test_us_dst_in_summer" time="0.000"><error message="failed on setup with &quot;FileNotFoundError: [Errno 2] No such file or directory: '/workspace/src/risk/session_filter.py'&quot;">tests/test_phase7_followups.py:46: in session_filter
    return _load("_test_sess_dst", "src/risk/session_filter.py")
           ^^^^^^^^^^^^^^^^^^^^^^^^^^^^^^^^^^^^^^^^^^^^^^^^^^^^^
tests/test_phase7_followups.py:31: in _load
    spec.loader.exec_module(mod)
&lt;frozen importlib._bootstrap_external&gt;:995: in exec_module
    ???
&lt;frozen importlib._bootstrap_external&gt;:1132: in get_code
    ???
&lt;frozen importlib._bootstrap_external&gt;:1190: in get_data
    ???
E   FileNotFoundError: [Errno 2] No such file or directory: '/workspace/src/risk/session_filter.py'</error></testcase><testcase classname="tests.test_phase7_followups.TestDSTHandling" name="test_london_session_shifts_with_dst" time="0.000"><error message="failed on setup with &quot;FileNotFoundError: [Errno 2] No such file or directory: '/workspace/src/risk/session_filter.py'&quot;">tests/test_phase7_followups.py:46: in session_filter
    return _load("_test_sess_dst", "src/risk/session_filter.py")
           ^^^^^^^^^^^^^^^^^^^^^^^^^^^^^^^^^^^^^^^^^^^^^^^^^^^^^
tests/test_phase7_followups.py:31: in _load
    spec.loader.exec_module(mod)
&lt;frozen importlib._bootstrap_external&gt;:995: in exec_module
    ???
&lt;frozen importlib._bootstrap_external&gt;:1132: in get_code
    ???
&lt;frozen importlib._bootstrap_external&gt;:1190: in get_data
    ???
E   FileNotFoundError: [Errno 2] No such file or directory: '/workspace/src/risk/session_filter.py'</error></testcase><testcase classname="tests.test_phase7_followups.TestDSTHandling" name="test_ny_session_shifts_with_dst" time="0.000"><error message="failed on setup with &quot;FileNotFoundError: [Errno 2] No such file or directory: '/workspace/src/risk/session_filter.py'&quot;">tests/test_phase7_followups.py:46: in session_filter
    return _load("_test_sess_dst", "src/risk/session_filter.py")
           ^^^^^^^^^^^^^^^^^^^^^^^^^^^^^^^^^^^^^^^^^^^^^^^^^^^^^
tests/test_phase7_followups.py:31: in _load
    spec.loader.exec_module(mod)
&lt;frozen importlib._bootstrap_external&gt;:995: in exec_module
    ???
&lt;frozen importlib._bootstrap_external&gt;:1132: in get_code
    ???
&lt;frozen importlib._bootstrap_external&gt;:1190: in get_data
    ???
E   FileNotFoundError: [Errno 2] No such file or directory: '/workspace/src/risk/session_filter.py'</error></testcase><testcase classname="tests.test_phase7_followups.TestHolidayCalendar" name="test_christmas_full_closure" time="0.000"><error message="failed on setup with &quot;FileNotFoundError: [Errno 2] No such file or directory: '/workspace/src/risk/holiday_calendar.py'&quot;">tests/test_phase7_followups.py:91: in holiday_mod
    return _load("_test_holiday", "src/risk/holiday_calendar.py")
           ^^^^^^^^^^^^^^^^^^^^^^^^^^^^^^^^^^^^^^^^^^^^^^^^^^^^^^
tests/test_phase7_followups.py:31: in _load
    spec.loader.exec_module(mod)
&lt;frozen importlib._bootstrap_external&gt;:995: in exec_module
    ???
&lt;frozen importlib._bootstrap_external&gt;:1132: in get_code
    ???
&lt;frozen importlib._bootstrap_external&gt;:1190: in get_data
    ???
E   FileNotFoundError: [Errno 2] No such file or directory: '/workspace/src/risk/holiday_calendar.py'</error></testcase><testcase classname="tests.test_phase7_followups.TestHolidayCalendar" name="test_new_year_full_closure" time="0.000"><error message="failed on setup with &quot;FileNotFoundError: [Errno 2] No such file or directory: '/workspace/src/risk/holiday_calendar.py'&quot;">tests/test_phase7_followups.py:91: in holiday_mod
    return _load("_test_holiday", "src/risk/holiday_calendar.py")
           ^^^^^^^^^^^^^^^^^^^^^^^^^^^^^^^^^^^^^^^^^^^^^^^^^^^^^^
tests/test_phase7_followups.py:31: in _load
    spec.loader.exec_module(mod)
&lt;frozen importlib._bootstrap_external&gt;:995: in exec_module
    ???
&lt;frozen importlib._bootstrap_external&gt;:1132: in get_code
    ???
&lt;frozen importlib._bootstrap_external&gt;:1190: in get_data
    ???
E   FileNotFoundError: [Errno 2] No such file or directory: '/workspace/src/risk/holiday_calendar.py'</error></testcase><testcase classname="tests.test_phase7_followups.TestHolidayCalendar" name="test_us_independence_partial" time="0.000"><error message="failed on setup with &quot;FileNotFoundError: [Errno 2] No such file or directory: '/workspace/src/risk/holiday_calendar.py'&quot;">tests/test_phase7_followups.py:91: in holiday_mod
    return _load("_test_holiday", "src/risk/holiday_calendar.py")
           ^^^^^^^^^^^^^^^^^^^^^^^^^^^^^^^^^^^^^^^^^^^^^^^^^^^^^^
tests/test_phase7_followups.py:31: in _load
    spec.loader.exec_module(mod)
&lt;frozen importlib._bootstrap_external&gt;:995: in exec_module
    ???
&lt;frozen importlib._bootstrap_external&gt;:1132: in get_code
    ???
&lt;frozen importlib._bootstrap_external&gt;:1190: in get_data
    ???
E   FileNotFoundError: [Errno 2] No such file or directory: '/workspace/src/risk/holiday_calendar.py'</error></testcase><testcase classname="tests.test_phase7_followups.TestHolidayCalendar" name="test_thanksgiving_2026" time="0.000"><error message="failed on setup with &quot;FileNotFoundError: [Errno 2] No such file or directory: '/workspace/src/risk/holiday_calendar.py'&quot;">tests/test_phase7_followups.py:91: in holiday_mod
    return _load("_test_holiday", "src/risk/holiday_calendar.py")
           ^^^^^^^^^^^^^^^^^^^^^^^^^^^^^^^^^^^^^^^^^^^^^^^^^^^^^^
tests/test_phase7_followups.py:31: in _load
    spec.loader.exec_module(mod)
&lt;frozen importlib._bootstrap_external&gt;:995: in exec_module
    ???
&lt;frozen importlib._bootstrap_external&gt;:1132: in get_code
    ???
&lt;frozen importlib._bootstrap_external&gt;:1190: in get_data
    ???
E   FileNotFoundError: [Errno 2] No such file or directory: '/workspace/src/risk/holiday_calendar.py'</error></testcase><testcase classname="tests.test_phase7_followups.TestHolidayCalendar" name="test_good_friday_2026" time="0.000"><error message="failed on setup with &quot;FileNotFoundError: [Errno 2] No such file or directory: '/workspace/src/risk/holiday_calendar.py'&quot;">tests/test_phase7_followups.py:91: in holiday_mod
    return _load("_test_holiday", "src/risk/holiday_calendar.py")
           ^^^^^^^^^^^^^^^^^^^^^^^^^^^^^^^^^^^^^^^^^^^^^^^^^^^^^^
tests/test_phase7_followups.py:31: in _load
    spec.loader.exec_module(mod)
&lt;frozen importlib._bootstrap_external&gt;:995: in exec_module
    ???
&lt;frozen importlib._bootstrap_external&gt;:1132: in get_code
    ???
&lt;frozen importlib._bootstrap_external&gt;:1190: in get_data
    ???
E   FileNotFoundError: [Errno 2] No such file or directory: '/workspace/src/risk/holiday_calendar.py'</error></testcase><testcase classname="tests.test_phase7_followups.TestHolidayCalendar" name="test_regular_day_returns_none" time="0.001"><error message="failed on setup with &quot;FileNotFoundError: [Errno 2] No such file or directory: '/workspace/src/risk/holiday_calendar.py'&quot;">tests/test_phase7_followups.py:91: in holiday_mod
    return _load("_test_holiday", "src/risk/holiday_calendar.py")
           ^^^^^^^^^^^^^^^^^^^^^^^^^^^^^^^^^^^^^^^^^^^^^^^^^^^^^^
tests/test_phase7_followups.py:31: in _load
    spec.loader.exec_module(mod)
&lt;frozen importlib._bootstrap_external&gt;:995: in exec_module
    ???
&lt;frozen importlib._bootstrap_external&gt;:1132: in get_code
    ???
&lt;frozen importlib._bootstrap_external&gt;:1190: in get_data
    ???
E   FileNotFoundError: [Errno 2] No such file or directory: '/workspace/src/risk/holiday_calendar.py'</error></testcase><testcase classname="tests.test_phase7_followups.TestHolidayCalendar" name="test_is_holiday_blackout_christmas" time="0.001"><error message="failed on setup with &quot;FileNotFoundError: [Errno 2] No such file or directory: '/workspace/src/risk/holiday_calendar.py'&quot;">tests/test_phase7_followups.py:91: in holiday_mod
    return _load("_test_holiday", "src/risk/holiday_calendar.py")
           ^^^^^^^^^^^^^^^^^^^^^^^^^^^^^^^^^^^^^^^^^^^^^^^^^^^^^^
tests/test_phase7_followups.py:31: in _load
    spec.loader.exec_module(mod)
&lt;frozen importlib._bootstrap_external&gt;:995: in exec_module
    ???
&lt;frozen importlib._bootstrap_external&gt;:1132: in get_code
    ???
&lt;frozen importlib._bootstrap_external&gt;:1190: in get_data
    ???
E   FileNotFoundError: [Errno 2] No such file or directory: '/workspace/src/risk/holiday_calendar.py'</error></testcase><testcase classname="tests.test_phase7_followups.TestHolidayCalendar" name="test_is_holiday_blackout_regular_day" time="0.001"><error message="failed on setup with &quot;FileNotFoundError: [Errno 2] No such file or directory: '/workspace/src/risk/holiday_calendar.py'&quot;">tests/test_phase7_followups.py:91: in holiday_mod
    return _load("_test_holiday", "src/risk/holiday_calendar.py")
           ^^^^^^^^^^^^^^^^^^^^^^^^^^^^^^^^^^^^^^^^^^^^^^^^^^^^^^
tests/test_phase7_followups.py:31: in _load
    spec.loader.exec_module(mod)
&lt;frozen importlib._bootstrap_external&gt;:995: in exec_module
    ???
&lt;frozen importlib._bootstrap_external&gt;:1132: in get_code
    ???
&lt;frozen importlib._bootstrap_external&gt;:1190: in get_data
    ???
E   FileNotFoundError: [Errno 2] No such file or directory: '/workspace/src/risk/holiday_calendar.py'</error></testcase><testcase classname="tests.test_phase7_followups.TestChandelierTrailing" name="test_chandelier_long" time="0.001"><error message="failed on setup with &quot;FileNotFoundError: [Errno 2] No such file or directory: '/workspace/src/signals/trailing_stop.py'&quot;">tests/test_phase7_followups.py:147: in trailing_mod
    return _load("_test_trailing", "src/signals/trailing_stop.py")
           ^^^^^^^^^^^^^^^^^^^^^^^^^^^^^^^^^^^^^^^^^^^^^^^^^^^^^^^
tests/test_phase7_followups.py:31: in _load
    spec.loader.exec_module(mod)
&lt;frozen importlib._bootstrap_external&gt;:995: in exec_module
    ???
&lt;frozen importlib._bootstrap_external&gt;:1132: in get_code
    ???
&lt;frozen importlib._bootstrap_external&gt;:1190: in get_data
    ???
E   FileNotFoundError: [Errno 2] No such file or directory: '/workspace/src/signals/trailing_stop.py'</error></testcase><testcase classname="tests.test_phase7_followups.TestChandelierTrailing" name="test_chandelier_short" time="0.001"><error message="failed on setup with &quot;FileNotFoundError: [Errno 2] No such file or directory: '/workspace/src/signals/trailing_stop.py'&quot;">tests/test_phase7_followups.py:147: in trailing_mod
    return _load("_test_trailing", "src/signals/trailing_stop.py")
           ^^^^^^^^^^^^^^^^^^^^^^^^^^^^^^^^^^^^^^^^^^^^^^^^^^^^^^^
tests/test_phase7_followups.py:31: in _load
    spec.loader.exec_module(mod)
&lt;frozen importlib._bootstrap_external&gt;:995: in exec_module
    ???
&lt;frozen importlib._bootstrap_external&gt;:1132: in get_code
    ???
&lt;frozen importlib._bootstrap_external&gt;:1190: in get_data
    ???
E   FileNotFoundError: [Errno 2] No such file or directory: '/workspace/src/signals/trailing_stop.py'</error></testcase><testcase classname="tests.test_phase7_followups.TestChandelierTrailing" name="test_chandelier_insufficient_data" time="0.001"><error message="failed on setup with &quot;FileNotFoundError: [Errno 2] No such file or directory: '/workspace/src/signals/trailing_stop.py'&quot;">tests/test_phase7_followups.py:147: in trailing_mod
    return _load("_test_trailing", "src/signals/trailing_stop.py")
           ^^^^^^^^^^^^^^^^^^^^^^^^^^^^^^^^^^^^^^^^^^^^^^^^^^^^^^^
tests/test_phase7_followups.py:31: in _load
    spec.loader.exec_module(mod)
&lt;frozen importlib._bootstrap_external&gt;:995: in exec_module
    ???
&lt;frozen importlib._bootstrap_external&gt;:1132: in get_code
    ???
&lt;frozen importlib._bootstrap_external&gt;:1190: in get_data
    ???
E   FileNotFoundError: [Errno 2] No such file or directory: '/workspace/src/signals/trailing_stop.py'</error></testcase><testcase classname="tests.test_phase7_followups.TestChandelierTrailing" name="test_trailing_moves_to_breakeven_after_tp1" time="0.000"><error message="failed on setup with &quot;FileNotFoundError: [Errno 2] No such file or directory: '/workspace/src/signals/trailing_stop.py'&quot;">tests/test_phase7_followups.py:147: in trailing_mod
    return _load("_test_trailing", "src/signals/trailing_stop.py")
           ^^^^^^^^^^^^^^^^^^^^^^^^^^^^^^^^^^^^^^^^^^^^^^^^^^^^^^^
tests/test_phase7_followups.py:31: in _load
    spec.loader.exec_module(mod)
&lt;frozen importlib._bootstrap_external&gt;:995: in exec_module
    ???
&lt;frozen importlib._bootstrap_external&gt;:1132: in get_code
    ???
&lt;frozen importlib._bootstrap_external&gt;:1190: in get_data
    ???
E   FileNotFoundError: [Errno 2] No such file or directory: '/workspace/src/signals/trailing_stop.py'</error></testcase><testcase classname="tests.test_phase7_followups.TestChandelierTrailing" name="test_trailing_locks_tp1_after_tp2" time="0.001"><error message="failed on setup with &quot;FileNotFoundError: [Errno 2] No such file or directory: '/workspace/src/signals/trailing_stop.py'&quot;">tests/test_phase7_followups.py:147: in trailing_mod
    return _load("_test_trailing", "src/signals/trailing_stop.py")
           ^^^^^^^^^^^^^^^^^^^^^^^^^^^^^^^^^^^^^^^^^^^^^^^^^^^^^^^
tests/test_phase7_followups.py:31: in _load
    spec.loader.exec_module(mod)
&lt;frozen importlib._bootstrap_external&gt;:995: in exec_module
    ???
&lt;frozen importlib._bootstrap_external&gt;:1132: in get_code
    ???
&lt;frozen importlib._bootstrap_external&gt;:1190: in get_data
    ???
E   FileNotFoundError: [Errno 2] No such file or directory: '/workspace/src/signals/trailing_stop.py'</error></testcase><testcase classname="tests.test_phase7_followups.TestChandelierTrailing" name="test_trailing_never_moves_backward" time="0.001"><error message="failed on setup with &quot;FileNotFoundError: [Errno 2] No such file or directory: '/workspace/src/signals/trailing_stop.py'&quot;">tests/test_phase7_followups.py:147: in trailing_mod
    return _load("_test_trailing", "src/signals/trailing_stop.py")
           ^^^^^^^^^^^^^^^^^^^^^^^^^^^^^^^^^^^^^^^^^^^^^^^^^^^^^^^
tests/test_phase7_followups.py:31: in _load
    spec.loader.exec_module(mod)
&lt;frozen importlib._bootstrap_external&gt;:995: in exec_module
    ???
&lt;frozen importlib._bootstrap_external&gt;:1132: in get_code
    ???
&lt;frozen importlib._bootstrap_external&gt;:1190: in get_data
    ???
E   FileNotFoundError: [Errno 2] No such file or directory: '/workspace/src/signals/trailing_stop.py'</error></testcase><testcase classname="tests.test_phase7_followups.TestInstrumentsModule" name="test_eurusd_spec" time="0.002" /><testcase classname="tests.test_phase7_followups.TestInstrumentsModule" name="test_xauusd_spec" time="0.002" /><testcase classname="tests.test_phase7_followups.TestInstrumentsModule" name="test_unknown_falls_back" time="0.002" /><testcase classname="tests.test_phase7_followups.TestInstrumentsModule" name="test_helper_functions" time="0.002" /><testcase classname="tests.test_phase7_followups.TestIntegrationPresence" name="test_tracker_records_to_daily_loss" time="0.000"><failure message="FileNotFoundError: [Errno 2] No such file or directory: '/workspace/src/signals/tracker.py'">tests/test_phase7_followups.py:261: in test_tracker_records_to_daily_loss
    content = (REPO_ROOT / "src/signals/tracker.py").read_text(encoding="utf-8")
              ^^^^^^^^^^^^^^^^^^^^^^^^^^^^^^^^^^^^^^^^^^^^^^^^^^^^^^^^^^^^^^^^^^
/usr/local/lib/python3.12/pathlib.py:1027: in read_text
    with self.open(mode='r', encoding=encoding, errors=errors) as f:
         ^^^^^^^^^^^^^^^^^^^^^^^^^^^^^^^^^^^^^^^^^^^^^^^^^^^^^
/usr/local/lib/python3.12/pathlib.py:1013: in open
    return io.open(self, mode, buffering, encoding, errors, newline)
           ^^^^^^^^^^^^^^^^^^^^^^^^^^^^^^^^^^^^^^^^^^^^^^^^^^^^^^^^^
E   FileNotFoundError: [Errno 2] No such file or directory: '/workspace/src/signals/tracker.py'</failure></testcase><testcase classname="tests.test_phase7_followups.TestIntegrationPresence" name="test_riskguard_uses_holiday_calendar" time="0.001"><failure message="FileNotFoundError: [Errno 2] No such file or directory: '/workspace/src/risk/guard.py'">tests/test_phase7_followups.py:266: in test_riskguard_uses_holiday_calendar
    content = (REPO_ROOT / "src/risk/guard.py").read_text(encoding="utf-8")
              ^^^^^^^^^^^^^^^^^^^^^^^^^^^^^^^^^^^^^^^^^^^^^^^^^^^^^^^^^^^^^
/usr/local/lib/python3.12/pathlib.py:1027: in read_text
    with self.open(mode='r', encoding=encoding, errors=errors) as f:
         ^^^^^^^^^^^^^^^^^^^^^^^^^^^^^^^^^^^^^^^^^^^^^^^^^^^^^
/usr/local/lib/python3.12/pathlib.py:1013: in open
    return io.open(self, mode, buffering, encoding, errors, newline)
           ^^^^^^^^^^^^^^^^^^^^^^^^^^^^^^^^^^^^^^^^^^^^^^^^^^^^^^^^^
E   FileNotFoundError: [Errno 2] No such file or directory: '/workspace/src/risk/guard.py'</failure></testcase><testcase classname="tests.test_phase7_followups.TestIntegrationPresence" name="test_riskguard_checks_liquidity" time="0.001"><failure message="FileNotFoundError: [Errno 2] No such file or directory: '/workspace/src/risk/guard.py'">tests/test_phase7_followups.py:271: in test_riskguard_checks_liquidity
    content = (REPO_ROOT / "src/risk/guard.py").read_text(encoding="utf-8")
              ^^^^^^^^^^^^^^^^^^^^^^^^^^^^^^^^^^^^^^^^^^^^^^^^^^^^^^^^^^^^^
/usr/local/lib/python3.12/pathlib.py:1027: in read_text
    with self.open(mode='r', encoding=encoding, errors=errors) as f:
         ^^^^^^^^^^^^^^^^^^^^^^^^^^^^^^^^^^^^^^^^^^^^^^^^^^^^^
/usr/local/lib/python3.12/pathlib.py:1013: in open
    return io.open(self, mode, buffering, encoding, errors, newline)
           ^^^^^^^^^^^^^^^^^^^^^^^^^^^^^^^^^^^^^^^^^^^^^^^^^^^^^^^^^
E   FileNotFoundError: [Errno 2] No such file or directory: '/workspace/src/risk/guard.py'</failure></testcase><testcase classname="tests.test_phase7_followups.TestIntegrationPresence" name="test_trainer_saves_scaler" time="0.000"><failure message="FileNotFoundError: [Errno 2] No such file or directory: '/workspace/src/ml/trainer.py'">tests/test_phase7_followups.py:276: in test_trainer_saves_scaler
    content = (REPO_ROOT / "src/ml/trainer.py").read_text(encoding="utf-8")
              ^^^^^^^^^^^^^^^^^^^^^^^^^^^^^^^^^^^^^^^^^^^^^^^^^^^^^^^^^^^^^
/usr/local/lib/python3.12/pathlib.py:1027: in read_text
    with self.open(mode='r', encoding=encoding, errors=errors) as f:
         ^^^^^^^^^^^^^^^^^^^^^^^^^^^^^^^^^^^^^^^^^^^^^^^^^^^^^
/usr/local/lib/python3.12/pathlib.py:1013: in open
    return io.open(self, mode, buffering, encoding, errors, newline)
           ^^^^^^^^^^^^^^^^^^^^^^^^^^^^^^^^^^^^^^^^^^^^^^^^^^^^^^^^^
E   FileNotFoundError: [Errno 2] No such file or directory: '/workspace/src/ml/trainer.py'</failure></testcase><testcase classname="tests.test_phase7_followups.TestIntegrationPresence" name="test_backtest_api_runs_engine" time="0.001"><failure message="FileNotFoundError: [Errno 2] No such file or directory: '/workspace/src/api/routes/backtest.py'">tests/test_phase7_followups.py:285: in test_backtest_api_runs_engine
    content = (REPO_ROOT / "src/api/routes/backtest.py").read_text(encoding="utf-8")
              ^^^^^^^^^^^^^^^^^^^^^^^^^^^^^^^^^^^^^^^^^^^^^^^^^^^^^^^^^^^^^^^^^^^^^^
/usr/local/lib/python3.12/pathlib.py:1027: in read_text
    with self.open(mode='r', encoding=encoding, errors=errors) as f:
         ^^^^^^^^^^^^^^^^^^^^^^^^^^^^^^^^^^^^^^^^^^^^^^^^^^^^^
/usr/local/lib/python3.12/pathlib.py:1013: in open
    return io.open(self, mode, buffering, encoding, errors, newline)
           ^^^^^^^^^^^^^^^^^^^^^^^^^^^^^^^^^^^^^^^^^^^^^^^^^^^^^^^^^
E   FileNotFoundError: [Errno 2] No such file or directory: '/workspace/src/api/routes/backtest.py'</failure></testcase><testcase classname="tests.test_phase7_followups.TestIntegrationPresence" name="test_launch_api_registered" time="0.001"><failure message="assert ('launch,' in '&quot;&quot;&quot;\nماژول اصلی FastAPI برای پلتفرم سیگنال فارکس.\n\nاین ماژول اپلیکیشن FastAPI را با تمام میان\u200cافزارها، مسیرها ...tags=[&quot;بازارنما — داشبورد/بازار&quot;])\napp.include_router(ig_panel.router, prefix=&quot;/ig&quot;, tags=[&quot;پنل مستقل اینستاگرام&quot;])\n' or 'launch\n' in '&quot;&quot;&quot;\nماژول اصلی FastAPI برای پلتفرم سیگنال فارکس.\n\nاین ماژول اپلیکیشن FastAPI را با تمام میان\u200cافزارها، مسیرها ...tags=[&quot;بازارنما — داشبورد/بازار&quot;])\napp.include_router(ig_panel.router, prefix=&quot;/ig&quot;, tags=[&quot;پنل مستقل اینستاگرام&quot;])\n')">tests/test_phase7_followups.py:293: in test_launch_api_registered
    assert "launch," in content or "launch\n" in content
E   assert ('launch,' in '"""\nماژول اصلی FastAPI برای پلتفرم سیگنال فارکس.\n\nاین ماژول اپلیکیشن FastAPI را با تمام میان\u200cافزارها، مسیرها ...tags=["بازارنما — داشبورد/بازار"])\napp.include_router(ig_panel.router, prefix="/ig", tags=["پنل مستقل اینستاگرام"])\n' or 'launch\n' in '"""\nماژول اصلی FastAPI برای پلتفرم سیگنال فارکس.\n\nاین ماژول اپلیکیشن FastAPI را با تمام میان\u200cافزارها، مسیرها ...tags=["بازارنما — داشبورد/بازار"])\napp.include_router(ig_panel.router, prefix="/ig", tags=["پنل مستقل اینستاگرام"])\n')</failure></testcase><testcase classname="tests.test_phase7_followups.TestIntegrationPresence" name="test_launch_routes_admin_protected" time="0.000"><failure message="FileNotFoundError: [Errno 2] No such file or directory: '/workspace/src/api/routes/launch.py'">tests/test_phase7_followups.py:297: in test_launch_routes_admin_protected
    content = (REPO_ROOT / "src/api/routes/launch.py").read_text(encoding="utf-8")
              ^^^^^^^^^^^^^^^^^^^^^^^^^^^^^^^^^^^^^^^^^^^^^^^^^^^^^^^^^^^^^^^^^^^^
/usr/local/lib/python3.12/pathlib.py:1027: in read_text
    with self.open(mode='r', encoding=encoding, errors=errors) as f:
         ^^^^^^^^^^^^^^^^^^^^^^^^^^^^^^^^^^^^^^^^^^^^^^^^^^^^^
/usr/local/lib/python3.12/pathlib.py:1013: in open
    return io.open(self, mode, buffering, encoding, errors, newline)
           ^^^^^^^^^^^^^^^^^^^^^^^^^^^^^^^^^^^^^^^^^^^^^^^^^^^^^^^^^
E   FileNotFoundError: [Errno 2] No such file or directory: '/workspace/src/api/routes/launch.py'</failure></testcase><testcase classname="tests.test_phase7_followups.TestRiskGuardWithNewFilters" name="test_christmas_blocks_signal" time="0.001"><error message="failed on setup with &quot;FileNotFoundError: [Errno 2] No such file or directory: '/workspace/src/risk/symbol_config.py'&quot;">tests/test_phase7_followups.py:316: in setup_modules
    sym_cfg = _load("_test_sc", "src/risk/symbol_config.py")
              ^^^^^^^^^^^^^^^^^^^^^^^^^^^^^^^^^^^^^^^^^^^^^^
tests/test_phase7_followups.py:31: in _load
    spec.loader.exec_module(mod)
&lt;frozen importlib._bootstrap_external&gt;:995: in exec_module
    ???
&lt;frozen importlib._bootstrap_external&gt;:1132: in get_code
    ???
&lt;frozen importlib._bootstrap_external&gt;:1190: in get_data
    ???
E   FileNotFoundError: [Errno 2] No such file or directory: '/workspace/src/risk/symbol_config.py'</error></testcase><testcase classname="tests.test_phase8_security_hotfix.TestHTMLSanitization" name="test_strips_script_tag" time="0.010"><failure message="assert ('alert' not in '&lt;p&gt;Hello&lt;/p&gt;alert(&quot;XSS&quot;)'&#10;  &#10;  'alert' is contained here:&#10;    &lt;p&gt;Hello&lt;/p&gt;alert(&quot;XSS&quot;)&#10;  ?             +++++ or 'alert(' not in '&lt;p&gt;Hello&lt;/p&gt;alert(&quot;XSS&quot;)'&#10;  &#10;  'alert(' is contained here:&#10;    &lt;p&gt;Hello&lt;/p&gt;alert(&quot;XSS&quot;)&#10;  ?             ++++++)">tests/test_phase8_security_hotfix.py:50: in test_strips_script_tag
    assert "alert" not in cleaned or "alert(" not in cleaned
E   assert ('alert' not in '&lt;p&gt;Hello&lt;/p&gt;alert("XSS")'
E     
E     'alert' is contained here:
E       &lt;p&gt;Hello&lt;/p&gt;alert("XSS")
E     ?             +++++ or 'alert(' not in '&lt;p&gt;Hello&lt;/p&gt;alert("XSS")'
E     
E     'alert(' is contained here:
E       &lt;p&gt;Hello&lt;/p&gt;alert("XSS")
E     ?             ++++++)</failure></testcase><testcase classname="tests.test_phase8_security_hotfix.TestHTMLSanitization" name="test_strips_iframe" time="0.001" /><testcase classname="tests.test_phase8_security_hotfix.TestHTMLSanitization" name="test_strips_onclick_handler" time="0.001" /><testcase classname="tests.test_phase8_security_hotfix.TestHTMLSanitization" name="test_strips_javascript_url" time="0.001" /><testcase classname="tests.test_phase8_security_hotfix.TestHTMLSanitization" name="test_keeps_safe_tags" time="0.001" /><testcase classname="tests.test_phase8_security_hotfix.TestHTMLSanitization" name="test_no_tags_mode_strips_everything" time="0.000" /><testcase classname="tests.test_phase8_security_hotfix.TestHTMLSanitization" name="test_empty_input" time="0.000" /><testcase classname="tests.test_phase8_security_hotfix.TestHTMLSanitization" name="test_strips_object_embed" time="0.001" /><testcase classname="tests.test_phase8_security_hotfix.TestURLValidation" name="test_valid_https_url" time="0.000" /><testcase classname="tests.test_phase8_security_hotfix.TestURLValidation" name="test_valid_http_url" time="0.000" /><testcase classname="tests.test_phase8_security_hotfix.TestURLValidation" name="test_rejects_javascript_scheme" time="0.000" /><testcase classname="tests.test_phase8_security_hotfix.TestURLValidation" name="test_rejects_data_url" time="0.000" /><testcase classname="tests.test_phase8_security_hotfix.TestURLValidation" name="test_rejects_localhost" time="0.000" /><testcase classname="tests.test_phase8_security_hotfix.TestURLValidation" name="test_rejects_private_ip" time="0.000" /><testcase classname="tests.test_phase8_security_hotfix.TestURLValidation" name="test_rejects_credentials_in_url" time="0.000" /><testcase classname="tests.test_phase8_security_hotfix.TestURLValidation" name="test_rejects_empty" time="0.000" /><testcase classname="tests.test_phase8_security_hotfix.TestMaskSensitiveID" name="test_masks_telegram_id" time="0.000" /><testcase classname="tests.test_phase8_security_hotfix.TestMaskSensitiveID" name="test_masks_short_id" time="0.000" /><testcase classname="tests.test_phase8_security_hotfix.TestMaskSensitiveID" name="test_custom_visible_digits" time="0.000" /><testcase classname="tests.test_phase8_security_hotfix.TestRequireRole" name="test_role_hierarchy_satisfies" time="0.000" /><testcase classname="tests.test_phase8_security_hotfix.TestSourceLevelInvariants" name="test_refresh_uses_verify_refresh_token" time="0.000" /><testcase classname="tests.test_phase8_security_hotfix.TestSourceLevelInvariants" name="test_refresh_endpoint_has_blacklist_check" time="0.000" /><testcase classname="tests.test_phase8_security_hotfix.TestSourceLevelInvariants" name="test_get_current_admin_is_fail_secure" time="0.000" /><testcase classname="tests.test_phase8_security_hotfix.TestSourceLevelInvariants" name="test_security_headers_middleware_registered" time="0.000" /><testcase classname="tests.test_phase8_security_hotfix.TestSourceLevelInvariants" name="test_security_headers_includes_all_required" time="0.000" /><testcase classname="tests.test_phase8_security_hotfix.TestSourceLevelInvariants" name="test_articles_uses_sanitizer" time="0.000" /><testcase classname="tests.test_phase8_security_hotfix.TestSourceLevelInvariants" name="test_articles_update_uses_whitelist" time="0.000" /><testcase classname="tests.test_phase8_security_hotfix.TestSourceLevelInvariants" name="test_users_route_masks_telegram_id" time="0.000" /><testcase classname="tests.test_phase8_security_hotfix.TestSourceLevelInvariants" name="test_launch_metrics_use_whitelist" time="0.000"><failure message="FileNotFoundError: [Errno 2] No such file or directory: '/workspace/src/api/routes/launch.py'">tests/test_phase8_security_hotfix.py:220: in test_launch_metrics_use_whitelist
    content = (REPO_ROOT / "src/api/routes/launch.py").read_text(encoding="utf-8")
              ^^^^^^^^^^^^^^^^^^^^^^^^^^^^^^^^^^^^^^^^^^^^^^^^^^^^^^^^^^^^^^^^^^^^
/usr/local/lib/python3.12/pathlib.py:1027: in read_text
    with self.open(mode='r', encoding=encoding, errors=errors) as f:
         ^^^^^^^^^^^^^^^^^^^^^^^^^^^^^^^^^^^^^^^^^^^^^^^^^^^^^
/usr/local/lib/python3.12/pathlib.py:1013: in open
    return io.open(self, mode, buffering, encoding, errors, newline)
           ^^^^^^^^^^^^^^^^^^^^^^^^^^^^^^^^^^^^^^^^^^^^^^^^^^^^^^^^^
E   FileNotFoundError: [Errno 2] No such file or directory: '/workspace/src/api/routes/launch.py'</failure></testcase><testcase classname="tests.test_phase8_security_hotfix.TestSourceLevelInvariants" name="test_backup_script_enforces_passphrase" time="0.000" /><testcase classname="tests.test_phase8_security_hotfix.TestSourceLevelInvariants" name="test_rotate_secrets_script_exists" time="0.000" /><testcase classname="tests.test_phase9_performance.TestRunInThread" name="test_runs_sync_function" time="0.002" /><testcase classname="tests.test_phase9_performance.TestRunInThread" name="test_propagates_exceptions" time="0.001" /><testcase classname="tests.test_phase9_performance.TestRunInThread" name="test_does_not_block_event_loop" time="0.102" /><testcase classname="tests.test_phase9_performance.TestRunInThread" name="test_timeout_works" time="0.053" /><testcase classname="tests.test_phase9_performance.TestRunInThread" name="test_accepts_kwargs" time="0.003" /><testcase classname="tests.test_phase9_performance.TestRunInThread" name="test_default_executor_is_singleton" time="0.001" /><testcase classname="tests.test_phase9_performance.TestRunInThread" name="test_shutdown_resets_executor" time="0.443" /><testcase classname="tests.test_phase9_performance.TestRedisClientOptimizations" name="test_get_all_active_signals_uses_sorted_set" time="0.001" /><testcase classname="tests.test_phase9_performance.TestRedisClientOptimizations" name="test_get_all_active_signals_does_not_use_keys" time="0.001" /><testcase classname="tests.test_phase9_performance.TestRedisClientOptimizations" name="test_set_active_signal_uses_pipeline" time="0.001" /><testcase classname="tests.test_phase9_performance.TestRedisClientOptimizations" name="test_remove_active_signal_uses_pipeline" time="0.001" /><testcase classname="tests.test_phase9_performance.TestRedisClientOptimizations" name="test_get_all_prices_uses_scan" time="0.001" /><testcase classname="tests.test_phase9_performance.TestRedisClientOptimizations" name="test_count_active_signals_exists" time="0.001" /><testcase classname="tests.test_phase9_performance.TestCandleBuilderBulk" name="test_save_candles_uses_bulk" time="0.001" /><testcase classname="tests.test_phase9_performance.TestCandleBuilderBulk" name="test_save_candles_validates_symbol_timeframe" time="0.001" /><testcase classname="tests.test_phase9_performance.TestCandleBuilderBulk" name="test_save_candles_uses_itertuples" time="0.001" /><testcase classname="tests.test_phase9_performance.TestCountQueryOptimization" name="test_signals_uses_func_count" time="0.001"><failure message="FileNotFoundError: [Errno 2] No such file or directory: '/workspace/src/api/routes/signals.py'">tests/test_phase9_performance.py:200: in test_signals_uses_func_count
    content = (REPO_ROOT / "src/api/routes/signals.py").read_text(encoding="utf-8")
              ^^^^^^^^^^^^^^^^^^^^^^^^^^^^^^^^^^^^^^^^^^^^^^^^^^^^^^^^^^^^^^^^^^^^^
/usr/local/lib/python3.12/pathlib.py:1027: in read_text
    with self.open(mode='r', encoding=encoding, errors=errors) as f:
         ^^^^^^^^^^^^^^^^^^^^^^^^^^^^^^^^^^^^^^^^^^^^^^^^^^^^^
/usr/local/lib/python3.12/pathlib.py:1013: in open
    return io.open(self, mode, buffering, encoding, errors, newline)
           ^^^^^^^^^^^^^^^^^^^^^^^^^^^^^^^^^^^^^^^^^^^^^^^^^^^^^^^^^
E   FileNotFoundError: [Errno 2] No such file or directory: '/workspace/src/api/routes/signals.py'</failure></testcase><testcase classname="tests.test_phase9_performance.TestCountQueryOptimization" name="test_users_uses_func_count" time="0.000" /><testcase classname="tests.test_phase9_performance.TestAggregationOptimization" name="test_performance_uses_date_trunc" time="0.000"><failure message="FileNotFoundError: [Errno 2] No such file or directory: '/workspace/src/api/routes/performance.py'">tests/test_phase9_performance.py:211: in test_performance_uses_date_trunc
    content = (REPO_ROOT / "src/api/routes/performance.py").read_text(encoding="utf-8")
              ^^^^^^^^^^^^^^^^^^^^^^^^^^^^^^^^^^^^^^^^^^^^^^^^^^^^^^^^^^^^^^^^^^^^^^^^^
/usr/local/lib/python3.12/pathlib.py:1027: in read_text
    with self.open(mode='r', encoding=encoding, errors=errors) as f:
         ^^^^^^^^^^^^^^^^^^^^^^^^^^^^^^^^^^^^^^^^^^^^^^^^^^^^^
/usr/local/lib/python3.12/pathlib.py:1013: in open
    return io.open(self, mode, buffering, encoding, errors, newline)
           ^^^^^^^^^^^^^^^^^^^^^^^^^^^^^^^^^^^^^^^^^^^^^^^^^^^^^^^^^
E   FileNotFoundError: [Errno 2] No such file or directory: '/workspace/src/api/routes/performance.py'</failure></testcase><testcase classname="tests.test_phase9_performance.TestAggregationOptimization" name="test_performance_does_not_python_loop_for_daily" time="0.000"><failure message="FileNotFoundError: [Errno 2] No such file or directory: '/workspace/src/api/routes/performance.py'">tests/test_phase9_performance.py:217: in test_performance_does_not_python_loop_for_daily
    content = (REPO_ROOT / "src/api/routes/performance.py").read_text(encoding="utf-8")
              ^^^^^^^^^^^^^^^^^^^^^^^^^^^^^^^^^^^^^^^^^^^^^^^^^^^^^^^^^^^^^^^^^^^^^^^^^
/usr/local/lib/python3.12/pathlib.py:1027: in read_text
    with self.open(mode='r', encoding=encoding, errors=errors) as f:
         ^^^^^^^^^^^^^^^^^^^^^^^^^^^^^^^^^^^^^^^^^^^^^^^^^^^^^
/usr/local/lib/python3.12/pathlib.py:1013: in open
    return io.open(self, mode, buffering, encoding, errors, newline)
           ^^^^^^^^^^^^^^^^^^^^^^^^^^^^^^^^^^^^^^^^^^^^^^^^^^^^^^^^^
E   FileNotFoundError: [Errno 2] No such file or directory: '/workspace/src/api/routes/performance.py'</failure></testcase><testcase classname="tests.test_phase9_performance.TestActiveSignalsPagination" name="test_active_signals_has_pagination" time="0.000"><failure message="FileNotFoundError: [Errno 2] No such file or directory: '/workspace/src/api/routes/signals.py'">tests/test_phase9_performance.py:227: in test_active_signals_has_pagination
    content = (REPO_ROOT / "src/api/routes/signals.py").read_text(encoding="utf-8")
              ^^^^^^^^^^^^^^^^^^^^^^^^^^^^^^^^^^^^^^^^^^^^^^^^^^^^^^^^^^^^^^^^^^^^^
/usr/local/lib/python3.12/pathlib.py:1027: in read_text
    with self.open(mode='r', encoding=encoding, errors=errors) as f:
         ^^^^^^^^^^^^^^^^^^^^^^^^^^^^^^^^^^^^^^^^^^^^^^^^^^^^^
/usr/local/lib/python3.12/pathlib.py:1013: in open
    return io.open(self, mode, buffering, encoding, errors, newline)
           ^^^^^^^^^^^^^^^^^^^^^^^^^^^^^^^^^^^^^^^^^^^^^^^^^^^^^^^^^
E   FileNotFoundError: [Errno 2] No such file or directory: '/workspace/src/api/routes/signals.py'</failure></testcase><testcase classname="tests.test_phase9_performance.TestConcurrentTracker" name="test_tracker_uses_asyncio_gather" time="0.000"><failure message="FileNotFoundError: [Errno 2] No such file or directory: '/workspace/src/signals/tracker.py'">tests/test_phase9_performance.py:238: in test_tracker_uses_asyncio_gather
    content = (REPO_ROOT / "src/signals/tracker.py").read_text(encoding="utf-8")
              ^^^^^^^^^^^^^^^^^^^^^^^^^^^^^^^^^^^^^^^^^^^^^^^^^^^^^^^^^^^^^^^^^^
/usr/local/lib/python3.12/pathlib.py:1027: in read_text
    with self.open(mode='r', encoding=encoding, errors=errors) as f:
         ^^^^^^^^^^^^^^^^^^^^^^^^^^^^^^^^^^^^^^^^^^^^^^^^^^^^^
/usr/local/lib/python3.12/pathlib.py:1013: in open
    return io.open(self, mode, buffering, encoding, errors, newline)
           ^^^^^^^^^^^^^^^^^^^^^^^^^^^^^^^^^^^^^^^^^^^^^^^^^^^^^^^^^
E   FileNotFoundError: [Errno 2] No such file or directory: '/workspace/src/signals/tracker.py'</failure></testcase><testcase classname="tests.test_phase9_performance.TestEngineThreadPool" name="test_engine_uses_run_in_thread" time="0.000"><failure message="FileNotFoundError: [Errno 2] No such file or directory: '/workspace/src/signals/engine.py'">tests/test_phase9_performance.py:249: in test_engine_uses_run_in_thread
    content = (REPO_ROOT / "src/signals/engine.py").read_text(encoding="utf-8")
              ^^^^^^^^^^^^^^^^^^^^^^^^^^^^^^^^^^^^^^^^^^^^^^^^^^^^^^^^^^^^^^^^^
/usr/local/lib/python3.12/pathlib.py:1027: in read_text
    with self.open(mode='r', encoding=encoding, errors=errors) as f:
         ^^^^^^^^^^^^^^^^^^^^^^^^^^^^^^^^^^^^^^^^^^^^^^^^^^^^^
/usr/local/lib/python3.12/pathlib.py:1013: in open
    return io.open(self, mode, buffering, encoding, errors, newline)
           ^^^^^^^^^^^^^^^^^^^^^^^^^^^^^^^^^^^^^^^^^^^^^^^^^^^^^^^^^
E   FileNotFoundError: [Errno 2] No such file or directory: '/workspace/src/signals/engine.py'</failure></testcase><testcase classname="tests.test_phase9_performance.TestBroadcastPipeline" name="test_broadcast_uses_pipeline_for_block_check" time="0.000" /><testcase classname="tests.test_signals.TestScorer" name="test_score_calculation" time="0.001"><failure message="ModuleNotFoundError: No module named 'src.signals.scorer'">tests/test_signals.py:8: in test_score_calculation
    from src.signals.scorer import SignalScorer
E   ModuleNotFoundError: No module named 'src.signals.scorer'</failure></testcase><testcase classname="tests.test_signals.TestScorer" name="test_strong_signal" time="0.000"><failure message="ModuleNotFoundError: No module named 'src.signals.scorer'">tests/test_signals.py:24: in test_strong_signal
    from src.signals.scorer import SignalScorer
E   ModuleNotFoundError: No module named 'src.signals.scorer'</failure></testcase><testcase classname="tests.test_signals.TestScorer" name="test_no_signal_low_score" time="0.000"><failure message="ModuleNotFoundError: No module named 'src.signals.scorer'">tests/test_signals.py:38: in test_no_signal_low_score
    from src.signals.scorer import SignalScorer
E   ModuleNotFoundError: No module named 'src.signals.scorer'</failure></testcase><testcase classname="tests.test_signals.TestRiskManager" name="test_calculate_levels" time="0.000"><failure message="ModuleNotFoundError: No module named 'src.signals.risk_manager'">tests/test_signals.py:54: in test_calculate_levels
    from src.signals.risk_manager import RiskManager
E   ModuleNotFoundError: No module named 'src.signals.risk_manager'</failure></testcase></testsuite></testsuites>