<?xml version="1.0" encoding="utf-8"?><testsuites name="pytest tests"><testsuite name="pytest" errors="0" failures="0" skipped="0" tests="13" time="3.441" timestamp="2026-07-15T01:20:40.495941+00:00" hostname="9bb732bfa682"><testcase classname="referral_redirects_regression" name="test_redirect_is_exact_uncached_and_ignores_query_override[/go/lbank-https://www.lbank.com/ref/PROCHART]" time="0.004" /><testcase classname="referral_redirects_regression" name="test_redirect_is_exact_uncached_and_ignores_query_override[/go/oneroyal-https://vc.cabinet.oneroyal.com/fa/links/go/12412]" time="0.002" /><testcase classname="referral_redirects_regression" name="test_router_exposes_only_two_explicit_get_routes" time="0.000" /><testcase classname="referral_redirects_regression" name="test_redirect_module_does_not_consume_or_log_request_data" time="0.000" /><testcase classname="referral_redirects_regression" name="test_product_api_payloads_expose_internal_paths_only" time="0.698" /><testcase classname="referral_redirects_regression" name="test_legacy_api_fields_keep_names_but_return_internal_paths" time="0.006" /><testcase classname="referral_redirects_regression" name="test_bot_departure_uses_notice_gate_and_absolute_internal_route" time="2.263" /><testcase classname="test_bot_v2_referral" name="test_generate_default_length_and_charset" time="0.000" /><testcase classname="test_bot_v2_referral" name="test_generate_custom_length" time="0.000" /><testcase classname="test_bot_v2_referral" name="test_generate_unique_enough" time="0.002" /><testcase classname="test_bot_v2_referral" name="test_is_valid_accepts_generated" time="0.000" /><testcase classname="test_bot_v2_referral" name="test_is_valid_rejects_bad" time="0.000" /><testcase classname="test_bot_v2_referral" name="test_normalize_uppercases_and_strips" time="0.000" /></testsuite></testsuites>