<?xml version="1.0" encoding="utf-8"?><testsuites name="pytest tests"><testsuite name="pytest" errors="12" failures="0" skipped="0" tests="12" time="3.542" timestamp="2026-07-14T23:10:13.869647+00:00" hostname="73016e0b9318"><testcase classname="" name="tests.test_ml" time="0.000"><error message="collection failure">ImportError while importing test module '/workspace/tests/test_ml.py'.
Hint: make sure your test modules/packages have valid Python names.
Traceback:
/usr/local/lib/python3.12/importlib/__init__.py:90: in import_module
    return _bootstrap._gcd_import(name[level:], package, level)
           ^^^^^^^^^^^^^^^^^^^^^^^^^^^^^^^^^^^^^^^^^^^^^^^^^^^^
tests/test_ml.py:7: in &lt;module&gt;
    from src.ml.feature_engine import FeatureEngine
E   ModuleNotFoundError: No module named 'src.ml'</error></testcase><testcase classname="" name="tests.test_patterns" time="0.000"><error message="collection failure">ImportError while importing test module '/workspace/tests/test_patterns.py'.
Hint: make sure your test modules/packages have valid Python names.
Traceback:
/usr/local/lib/python3.12/importlib/__init__.py:90: in import_module
    return _bootstrap._gcd_import(name[level:], package, level)
           ^^^^^^^^^^^^^^^^^^^^^^^^^^^^^^^^^^^^^^^^^^^^^^^^^^^^
tests/test_patterns.py:7: in &lt;module&gt;
    from src.analysis.candlestick_patterns import CandlestickAnalyzer
E   ModuleNotFoundError: No module named 'src.analysis'</error></testcase><testcase classname="" name="tests.test_phase10_ml_rebuild" time="0.000"><error message="collection failure">tests/test_phase10_ml_rebuild.py:37: in &lt;module&gt;
    fm = _load("_test_fm", "src/ml/financial_metrics.py")
         ^^^^^^^^^^^^^^^^^^^^^^^^^^^^^^^^^^^^^^^^^^^^^^^^
tests/test_phase10_ml_rebuild.py:33: in _load
    spec.loader.exec_module(mod)
&lt;frozen importlib._bootstrap_external&gt;:995: in exec_module
    ???
&lt;frozen importlib._bootstrap_external&gt;:1132: in get_code
    ???
&lt;frozen importlib._bootstrap_external&gt;:1190: in get_data
    ???
E   FileNotFoundError: [Errno 2] No such file or directory: '/workspace/src/ml/financial_metrics.py'</error></testcase><testcase classname="" name="tests.test_phase11_quant_institutional" time="0.000"><error message="collection failure">tests/test_phase11_quant_institutional.py:37: in &lt;module&gt;
    sizer_mod = _load("_test_sizer", "src/risk/position_sizer.py")
                ^^^^^^^^^^^^^^^^^^^^^^^^^^^^^^^^^^^^^^^^^^^^^^^^^^
tests/test_phase11_quant_institutional.py:32: in _load
    spec.loader.exec_module(mod)
&lt;frozen importlib._bootstrap_external&gt;:995: in exec_module
    ???
&lt;frozen importlib._bootstrap_external&gt;:1132: in get_code
    ???
&lt;frozen importlib._bootstrap_external&gt;:1190: in get_data
    ???
E   FileNotFoundError: [Errno 2] No such file or directory: '/workspace/src/risk/position_sizer.py'</error></testcase><testcase classname="" name="tests.test_phase12_architecture" time="0.000"><error message="collection failure">tests/test_phase12_architecture.py:41: in &lt;module&gt;
    sm_mod = _load("src.signals.state_machine", "src/signals/state_machine.py")
             ^^^^^^^^^^^^^^^^^^^^^^^^^^^^^^^^^^^^^^^^^^^^^^^^^^^^^^^^^^^^^^^^^^
tests/test_phase12_architecture.py:32: in _load
    spec.loader.exec_module(mod)
&lt;frozen importlib._bootstrap_external&gt;:995: in exec_module
    ???
&lt;frozen importlib._bootstrap_external&gt;:1132: in get_code
    ???
&lt;frozen importlib._bootstrap_external&gt;:1190: in get_data
    ???
E   FileNotFoundError: [Errno 2] No such file or directory: '/workspace/src/signals/state_machine.py'</error></testcase><testcase classname="" name="tests.test_phase14_reporting" time="0.000"><error message="collection failure">tests/test_phase14_reporting.py:38: in &lt;module&gt;
    adv_mod = _load("src.backtest.advanced_metrics", "src/backtest/advanced_metrics.py")
              ^^^^^^^^^^^^^^^^^^^^^^^^^^^^^^^^^^^^^^^^^^^^^^^^^^^^^^^^^^^^^^^^^^^^^^^^^^
tests/test_phase14_reporting.py:34: in _load
    spec.loader.exec_module(mod)
&lt;frozen importlib._bootstrap_external&gt;:995: in exec_module
    ???
&lt;frozen importlib._bootstrap_external&gt;:1132: in get_code
    ???
&lt;frozen importlib._bootstrap_external&gt;:1190: in get_data
    ???
E   FileNotFoundError: [Errno 2] No such file or directory: '/workspace/src/backtest/advanced_metrics.py'</error></testcase><testcase classname="" name="tests.test_phase1_backtest" time="0.000"><error message="collection failure">tests/test_phase1_backtest.py:38: in &lt;module&gt;
    _simulator_mod = _load("_test_simulator", "src/backtest/simulator.py")
                     ^^^^^^^^^^^^^^^^^^^^^^^^^^^^^^^^^^^^^^^^^^^^^^^^^^^^^
tests/test_phase1_backtest.py:28: in _load
    spec.loader.exec_module(mod)
&lt;frozen importlib._bootstrap_external&gt;:995: in exec_module
    ???
&lt;frozen importlib._bootstrap_external&gt;:1132: in get_code
    ???
&lt;frozen importlib._bootstrap_external&gt;:1190: in get_data
    ???
E   FileNotFoundError: [Errno 2] No such file or directory: '/workspace/src/backtest/simulator.py'</error></testcase><testcase classname="" name="tests.test_phase2_risk" time="0.000"><error message="collection failure">tests/test_phase2_risk.py:39: in &lt;module&gt;
    symbol_config = _load("_test_symbol_config", "src/risk/symbol_config.py")
                    ^^^^^^^^^^^^^^^^^^^^^^^^^^^^^^^^^^^^^^^^^^^^^^^^^^^^^^^^^
tests/test_phase2_risk.py:34: in _load
    spec.loader.exec_module(mod)
&lt;frozen importlib._bootstrap_external&gt;:995: in exec_module
    ???
&lt;frozen importlib._bootstrap_external&gt;:1132: in get_code
    ???
&lt;frozen importlib._bootstrap_external&gt;:1190: in get_data
    ???
E   FileNotFoundError: [Errno 2] No such file or directory: '/workspace/src/risk/symbol_config.py'</error></testcase><testcase classname="" name="tests.test_phase3_optimization" time="0.000"><error message="collection failure">tests/test_phase3_optimization.py:34: in &lt;module&gt;
    scaler_mod = _load("_test_scaler", "src/ml/scaler.py")
                 ^^^^^^^^^^^^^^^^^^^^^^^^^^^^^^^^^^^^^^^^^
tests/test_phase3_optimization.py:29: in _load
    spec.loader.exec_module(mod)
&lt;frozen importlib._bootstrap_external&gt;:995: in exec_module
    ???
&lt;frozen importlib._bootstrap_external&gt;:1132: in get_code
    ???
&lt;frozen importlib._bootstrap_external&gt;:1190: in get_data
    ???
E   FileNotFoundError: [Errno 2] No such file or directory: '/workspace/src/ml/scaler.py'</error></testcase><testcase classname="" name="tests.test_phase6_launch" time="0.000"><error message="collection failure">tests/test_phase6_launch.py:34: in &lt;module&gt;
    paper_mod = _load("_test_paper", "src/launch/paper_trading.py")
                ^^^^^^^^^^^^^^^^^^^^^^^^^^^^^^^^^^^^^^^^^^^^^^^^^^^
tests/test_phase6_launch.py:28: in _load
    spec.loader.exec_module(mod)
&lt;frozen importlib._bootstrap_external&gt;:995: in exec_module
    ???
&lt;frozen importlib._bootstrap_external&gt;:1132: in get_code
    ???
&lt;frozen importlib._bootstrap_external&gt;:1190: in get_data
    ???
E   FileNotFoundError: [Errno 2] No such file or directory: '/workspace/src/launch/paper_trading.py'</error></testcase><testcase classname="" name="tests.test_smart_money" time="0.000"><error message="collection failure">ImportError while importing test module '/workspace/tests/test_smart_money.py'.
Hint: make sure your test modules/packages have valid Python names.
Traceback:
/usr/local/lib/python3.12/importlib/__init__.py:90: in import_module
    return _bootstrap._gcd_import(name[level:], package, level)
           ^^^^^^^^^^^^^^^^^^^^^^^^^^^^^^^^^^^^^^^^^^^^^^^^^^^^
tests/test_smart_money.py:7: in &lt;module&gt;
    from src.analysis.smart_money import SmartMoneyAnalyzer
E   ModuleNotFoundError: No module named 'src.analysis'</error></testcase><testcase classname="" name="tests.test_technical" time="0.000"><error message="collection failure">ImportError while importing test module '/workspace/tests/test_technical.py'.
Hint: make sure your test modules/packages have valid Python names.
Traceback:
/usr/local/lib/python3.12/importlib/__init__.py:90: in import_module
    return _bootstrap._gcd_import(name[level:], package, level)
           ^^^^^^^^^^^^^^^^^^^^^^^^^^^^^^^^^^^^^^^^^^^^^^^^^^^^
tests/test_technical.py:7: in &lt;module&gt;
    from src.analysis.technical import TechnicalAnalyzer
E   ModuleNotFoundError: No module named 'src.analysis'</error></testcase></testsuite></testsuites>