<?xml version="1.0" encoding="utf-8"?><testsuites name="pytest tests"><testsuite name="pytest" errors="0" failures="0" skipped="0" tests="633" time="11.957" timestamp="2026-07-15T09:23:22.280872+00:00" hostname="2a41758442f2"><testcase classname="tests.test_api" name="test_health_endpoint" time="0.698" /><testcase classname="tests.test_api" name="test_signals_list" time="0.074" /><testcase classname="tests.test_api" name="test_performance_summary" time="0.003" /><testcase classname="tests.test_api" name="test_auth_login_missing_credentials" time="0.005" /><testcase classname="tests.test_bot_v2_channel" name="test_create_invite_uses_single_use_and_expiry" time="0.001" /><testcase classname="tests.test_bot_v2_channel" name="test_create_invite_returns_none_when_forbidden" time="0.002" /><testcase classname="tests.test_bot_v2_channel" name="test_remove_member_bans_then_unbans" time="0.002" /><testcase classname="tests.test_bot_v2_channel" name="test_remove_member_treats_not_member_as_success" time="0.002" /><testcase classname="tests.test_bot_v2_channel" name="test_remove_member_fails_when_forbidden" time="0.001" /><testcase classname="tests.test_bot_v2_phone" name="test_valid_numbers_normalize_to_canonical[09121234567]" time="0.001" /><testcase classname="tests.test_bot_v2_phone" name="test_valid_numbers_normalize_to_canonical[+989121234567]" time="0.000" /><testcase classname="tests.test_bot_v2_phone" name="test_valid_numbers_normalize_to_canonical[00989121234567]" time="0.000" /><testcase classname="tests.test_bot_v2_phone" name="test_valid_numbers_normalize_to_canonical[989121234567]" time="0.000" /><testcase classname="tests.test_bot_v2_phone" name="test_valid_numbers_normalize_to_canonical[9121234567]" time="0.000" /><testcase classname="tests.test_bot_v2_phone" name="test_valid_numbers_normalize_to_canonical[0912 123 4567]" time="0.000" /><testcase classname="tests.test_bot_v2_phone" name="test_valid_numbers_normalize_to_canonical[0912-123-4567]" time="0.000" /><testcase classname="tests.test_bot_v2_phone" name="test_valid_numbers_normalize_to_canonical[\u06f0\u06f9\u06f1\u06f2\u06f1\u06f2\u06f3\u06f4\u06f5\u06f6\u06f7]" time="0.000" /><testcase classname="tests.test_bot_v2_phone" name="test_invalid_numbers_return_none[]" time="0.000" /><testcase classname="tests.test_bot_v2_phone" name="test_invalid_numbers_return_none[12345]" time="0.000" /><testcase classname="tests.test_bot_v2_phone" name="test_invalid_numbers_return_none[0812123456]" time="0.000" /><testcase classname="tests.test_bot_v2_phone" name="test_invalid_numbers_return_none[081234567890]" time="0.000" /><testcase classname="tests.test_bot_v2_phone" name="test_invalid_numbers_return_none[+1202555019]" time="0.000" /><testcase classname="tests.test_bot_v2_phone" name="test_invalid_numbers_return_none[0912abc4567]" time="0.000" /><testcase classname="tests.test_bot_v2_phone" name="test_invalid_numbers_return_none[0912123456]" time="0.000" /><testcase classname="tests.test_bot_v2_phone" name="test_invalid_numbers_return_none[091212345678]" time="0.000" /><testcase classname="tests.test_bot_v2_phone" name="test_is_valid_helper" time="0.000" /><testcase classname="tests.test_bot_v2_quiz" name="test_total_questions_is_four" time="0.000" /><testcase classname="tests.test_bot_v2_quiz" name="test_score_all_correct" time="0.000" /><testcase classname="tests.test_bot_v2_quiz" name="test_score_all_wrong" time="0.000" /><testcase classname="tests.test_bot_v2_quiz" name="test_score_partial" time="0.000" /><testcase classname="tests.test_bot_v2_quiz" name="test_score_missing_answers_counts_zero" time="0.000" /><testcase classname="tests.test_bot_v2_quiz" name="test_skill_level_boundaries[0-beginner]" time="0.000" /><testcase classname="tests.test_bot_v2_quiz" name="test_skill_level_boundaries[1-beginner]" time="0.000" /><testcase classname="tests.test_bot_v2_quiz" name="test_skill_level_boundaries[2-intermediate]" time="0.000" /><testcase classname="tests.test_bot_v2_quiz" name="test_skill_level_boundaries[3-advanced]" time="0.000" /><testcase classname="tests.test_bot_v2_quiz" name="test_skill_level_boundaries[4-expert]" time="0.000" /><testcase classname="tests.test_bot_v2_quiz" name="test_skill_score_percent[0-0]" time="0.000" /><testcase classname="tests.test_bot_v2_quiz" name="test_skill_score_percent[1-25]" time="0.000" /><testcase classname="tests.test_bot_v2_quiz" name="test_skill_score_percent[2-50]" time="0.000" /><testcase classname="tests.test_bot_v2_quiz" name="test_skill_score_percent[3-75]" time="0.000" /><testcase classname="tests.test_bot_v2_quiz" name="test_skill_score_percent[4-100]" time="0.000" /><testcase classname="tests.test_bot_v2_quiz" name="test_skill_label_has_emoji" time="0.000" /><testcase classname="tests.test_bot_v2_referral" name="test_generate_default_length_and_charset" time="0.000" /><testcase classname="tests.test_bot_v2_referral" name="test_generate_custom_length" time="0.000" /><testcase classname="tests.test_bot_v2_referral" name="test_generate_unique_enough" time="0.002" /><testcase classname="tests.test_bot_v2_referral" name="test_is_valid_accepts_generated" time="0.000" /><testcase classname="tests.test_bot_v2_referral" name="test_is_valid_rejects_bad" time="0.000" /><testcase classname="tests.test_bot_v2_referral" name="test_normalize_uppercases_and_strips" time="0.000" /><testcase classname="tests.test_bot_v2_subscription" name="test_plan_prices_from_settings" time="0.000" /><testcase classname="tests.test_bot_v2_subscription" name="test_plan_days[monthly-30]" time="0.000" /><testcase classname="tests.test_bot_v2_subscription" name="test_plan_days[quarterly-90]" time="0.000" /><testcase classname="tests.test_bot_v2_subscription" name="test_plan_days[biannual-180]" time="0.000" /><testcase classname="tests.test_bot_v2_subscription" name="test_is_paid_plan" time="0.000" /><testcase classname="tests.test_bot_v2_subscription" name="test_trial_expiry_uses_trial_hours" time="0.000" /><testcase classname="tests.test_bot_v2_subscription" name="test_compute_expiry_fresh_monthly" time="0.000" /><testcase classname="tests.test_bot_v2_subscription" name="test_compute_expiry_trial" time="0.000" /><testcase classname="tests.test_bot_v2_subscription" name="test_renewal_extends_from_current_expiry_not_now" time="0.000" /><testcase classname="tests.test_bot_v2_subscription" name="test_renewal_from_now_when_already_expired" time="0.000" /><testcase classname="tests.test_bot_v2_subscription" name="test_plan_label" time="0.000" /><testcase classname="tests.test_ml.TestFeatureEngine" name="test_build_features" time="0.019" /><testcase classname="tests.test_ml.TestFeatureEngine" name="test_get_feature_columns" time="0.016" /><testcase classname="tests.test_ml.TestFeatureEngine" name="test_build_target" time="0.018" /><testcase classname="tests.test_ml.TestFeatureEngine" name="test_insufficient_data" time="0.002" /><testcase classname="tests.test_patterns.TestCandlestickAnalyzer" name="test_analyze_returns_dict" time="0.001" /><testcase classname="tests.test_patterns.TestCandlestickAnalyzer" name="test_analyze_has_pattern_score" time="0.001" /><testcase classname="tests.test_patterns.TestCandlestickAnalyzer" name="test_patterns_found_is_list" time="0.001" /><testcase classname="tests.test_patterns.TestChartPatternAnalyzer" name="test_analyze_returns_dict" time="0.001" /><testcase classname="tests.test_patterns.TestChartPatternAnalyzer" name="test_analyze_has_pattern_score" time="0.001" /><testcase classname="tests.test_patterns.TestChartPatternAnalyzer" name="test_dominant_direction" time="0.001" /><testcase classname="tests.test_phase0_fixes" name="test_redis_client_uses_property_not_method" time="0.000" /><testcase classname="tests.test_phase0_fixes" name="test_redis_client_property_raises_when_not_connected" time="0.000" /><testcase classname="tests.test_phase0_fixes" name="test_jwt_access_token_contains_jti_and_iat" time="0.001" /><testcase classname="tests.test_phase0_fixes" name="test_two_tokens_have_different_jti" time="0.001" /><testcase classname="tests.test_phase0_fixes" name="test_refresh_token_contains_jti" time="0.000" /><testcase classname="tests.test_phase0_fixes" name="test_settings_rejects_default_passwords_in_production" time="0.005" /><testcase classname="tests.test_phase0_fixes" name="test_settings_rejects_short_jwt_secret_in_production" time="0.002" /><testcase classname="tests.test_phase0_fixes" name="test_settings_allows_defaults_in_debug" time="0.002" /><testcase classname="tests.test_phase0_fixes" name="test_settings_accepts_strong_secrets" time="0.002" /><testcase classname="tests.test_phase0_fixes" name="test_drop_unclosed_candle_removes_incomplete" time="0.002" /><testcase classname="tests.test_phase0_fixes" name="test_drop_unclosed_candle_keeps_closed" time="0.002" /><testcase classname="tests.test_phase0_fixes" name="test_drop_unclosed_candle_handles_empty_df" time="0.001" /><testcase classname="tests.test_phase0_fixes" name="test_drop_unclosed_candle_handles_unknown_timeframe" time="0.002" /><testcase classname="tests.test_phase0_fixes" name="test_rate_limit_middleware_imports_correctly" time="0.000" /><testcase classname="tests.test_phase0_fixes" name="test_rate_limit_middleware_registered_in_app" time="0.000" /><testcase classname="tests.test_phase10_ml_rebuild.TestFinancialMetrics" name="test_empty_input" time="0.000" /><testcase classname="tests.test_phase10_ml_rebuild.TestFinancialMetrics" name="test_all_correct_long_predictions" time="0.001" /><testcase classname="tests.test_phase10_ml_rebuild.TestFinancialMetrics" name="test_all_neutral_predictions_no_trades" time="0.001" /><testcase classname="tests.test_phase10_ml_rebuild.TestFinancialMetrics" name="test_short_prediction_on_negative_return_wins" time="0.000" /><testcase classname="tests.test_phase10_ml_rebuild.TestFinancialMetrics" name="test_profit_factor_calculation" time="0.000" /><testcase classname="tests.test_phase10_ml_rebuild.TestFinancialMetrics" name="test_directional_accuracy" time="0.000" /><testcase classname="tests.test_phase10_ml_rebuild.TestFinancialMetrics" name="test_is_model_tradable_rejects_low_sharpe" time="0.000" /><testcase classname="tests.test_phase10_ml_rebuild.TestFinancialMetrics" name="test_is_model_tradable_rejects_low_trades" time="0.000" /><testcase classname="tests.test_phase10_ml_rebuild.TestDriftDetection" name="test_ks_test_identical_distributions" time="0.002" /><testcase classname="tests.test_phase10_ml_rebuild.TestDriftDetection" name="test_ks_test_different_distributions" time="0.001" /><testcase classname="tests.test_phase10_ml_rebuild.TestDriftDetection" name="test_no_drift_with_similar_distributions" time="0.003" /><testcase classname="tests.test_phase10_ml_rebuild.TestDriftDetection" name="test_severe_drift_recommends_retrain" time="0.005" /><testcase classname="tests.test_phase10_ml_rebuild.TestDriftDetection" name="test_prediction_drift_detected" time="0.001" /><testcase classname="tests.test_phase10_ml_rebuild.TestPurgedKFold" name="test_basic_split_structure" time="0.000" /><testcase classname="tests.test_phase10_ml_rebuild.TestPurgedKFold" name="test_no_train_test_overlap" time="0.000" /><testcase classname="tests.test_phase10_ml_rebuild.TestPurgedKFold" name="test_purging_removes_lookahead_samples" time="0.000" /><testcase classname="tests.test_phase10_ml_rebuild.TestPurgedKFold" name="test_embargo_removes_post_test_samples" time="0.000" /><testcase classname="tests.test_phase10_ml_rebuild.TestPurgedKFold" name="test_raises_when_n_samples_too_small" time="0.000" /><testcase classname="tests.test_phase10_ml_rebuild.TestCalibration" name="test_platt_fits_perfectly_calibrated_data" time="0.008" /><testcase classname="tests.test_phase10_ml_rebuild.TestCalibration" name="test_isotonic_preserves_monotonicity" time="0.001" /><testcase classname="tests.test_phase10_ml_rebuild.TestCalibration" name="test_calibration_report_perfect_predictions" time="0.000" /><testcase classname="tests.test_phase10_ml_rebuild.TestCalibration" name="test_calibration_report_terrible_calibration" time="0.000" /><testcase classname="tests.test_phase10_ml_rebuild.TestCalibration" name="test_platt_raises_before_fit" time="0.000" /><testcase classname="tests.test_phase10_ml_rebuild.TestDeterminism" name="test_set_global_seed_sets_environment" time="0.000" /><testcase classname="tests.test_phase10_ml_rebuild.TestDeterminism" name="test_numpy_reproducibility" time="0.001" /><testcase classname="tests.test_phase10_ml_rebuild.TestDeterminism" name="test_python_random_reproducibility" time="0.000" /><testcase classname="tests.test_phase10_ml_rebuild.TestDeterminism" name="test_verify_determinism_returns_dict" time="0.000" /><testcase classname="tests.test_phase10_ml_rebuild.TestFeatureSelector" name="test_correlation_prune_removes_redundant" time="0.000" /><testcase classname="tests.test_phase10_ml_rebuild.TestFeatureSelector" name="test_correlation_prune_keeps_all_uncorrelated" time="0.000" /><testcase classname="tests.test_phase10_ml_rebuild.TestFeatureSelector" name="test_select_features_full_pipeline" time="0.001" /><testcase classname="tests.test_phase10_ml_rebuild.TestTripleBarrier" name="test_uptrend_hits_upper_barrier" time="0.000" /><testcase classname="tests.test_phase10_ml_rebuild.TestTripleBarrier" name="test_downtrend_hits_lower_barrier" time="0.000" /><testcase classname="tests.test_phase10_ml_rebuild.TestTripleBarrier" name="test_flat_market_returns_zero" time="0.000" /><testcase classname="tests.test_phase10_ml_rebuild.TestTripleBarrier" name="test_meta_label_correctness" time="0.000" /><testcase classname="tests.test_phase10_ml_rebuild.TestTripleBarrier" name="test_temporal_decay_recent_samples_have_higher_weight" time="0.000" /><testcase classname="tests.test_phase10_ml_rebuild.TestTripleBarrier" name="test_volatility_weights_inverse" time="0.000" /><testcase classname="tests.test_phase11_quant_institutional.TestPositionSizer" name="test_fixed_fractional_basic" time="0.000" /><testcase classname="tests.test_phase11_quant_institutional.TestPositionSizer" name="test_fixed_fractional_caps_at_max_risk" time="0.000" /><testcase classname="tests.test_phase11_quant_institutional.TestPositionSizer" name="test_kelly_positive_expectancy" time="0.000" /><testcase classname="tests.test_phase11_quant_institutional.TestPositionSizer" name="test_kelly_negative_expectancy_returns_zero" time="0.000" /><testcase classname="tests.test_phase11_quant_institutional.TestPositionSizer" name="test_volatility_target_low_vol_increases_size" time="0.000" /><testcase classname="tests.test_phase11_quant_institutional.TestPositionSizer" name="test_drawdown_reduction_kicks_in_above_threshold" time="0.000" /><testcase classname="tests.test_phase11_quant_institutional.TestPortfolioVaR" name="test_parametric_var_normal_returns" time="0.001" /><testcase classname="tests.test_phase11_quant_institutional.TestPortfolioVaR" name="test_historical_var_matches_empirical_percentile" time="0.001" /><testcase classname="tests.test_phase11_quant_institutional.TestPortfolioVaR" name="test_var_cvar_ordering" time="0.000" /><testcase classname="tests.test_phase11_quant_institutional.TestPortfolioVaR" name="test_var_with_horizon_scales_with_sqrt" time="0.005" /><testcase classname="tests.test_phase11_quant_institutional.TestPortfolioVaR" name="test_portfolio_risk_check_allows_within_limits" time="0.000" /><testcase classname="tests.test_phase11_quant_institutional.TestPortfolioVaR" name="test_portfolio_risk_check_blocks_exposure_breach" time="0.000" /><testcase classname="tests.test_phase11_quant_institutional.TestVolatilityCostModel" name="test_spread_scales_with_volatility" time="0.000" /><testcase classname="tests.test_phase11_quant_institutional.TestVolatilityCostModel" name="test_slippage_scales_with_volatility" time="0.000" /><testcase classname="tests.test_phase11_quant_institutional.TestVolatilityCostModel" name="test_partial_fill_for_large_orders" time="0.000" /><testcase classname="tests.test_phase11_quant_institutional.TestVolatilityCostModel" name="test_rejection_probability_increases_with_vol" time="0.000" /><testcase classname="tests.test_phase11_quant_institutional.TestVolatilityCostModel" name="test_simulate_execution_deterministic_no_rejection" time="0.000" /><testcase classname="tests.test_phase11_quant_institutional.TestMarginValidator" name="test_fca_major_leverage_is_30" time="0.000" /><testcase classname="tests.test_phase11_quant_institutional.TestMarginValidator" name="test_nfa_major_leverage_is_50" time="0.000" /><testcase classname="tests.test_phase11_quant_institutional.TestMarginValidator" name="test_rejects_leverage_above_regulator" time="0.000" /><testcase classname="tests.test_phase11_quant_institutional.TestMarginValidator" name="test_rejects_insufficient_margin" time="0.000" /><testcase classname="tests.test_phase11_quant_institutional.TestMarginValidator" name="test_allows_safe_position" time="0.000" /><testcase classname="tests.test_phase11_quant_institutional.TestMarginValidator" name="test_rejects_stop_out_risk" time="0.000" /><testcase classname="tests.test_phase11_quant_institutional.TestMultiLevelLimits" name="test_clean_state_allows_signal" time="0.001" /><testcase classname="tests.test_phase11_quant_institutional.TestMultiLevelLimits" name="test_hourly_limit_reduces_size" time="0.001" /><testcase classname="tests.test_phase11_quant_institutional.TestMultiLevelLimits" name="test_daily_limit_blocks_signal" time="0.001" /><testcase classname="tests.test_phase11_quant_institutional.TestMultiLevelLimits" name="test_weekly_limit_blocks_until_monday" time="0.001" /><testcase classname="tests.test_phase11_quant_institutional.TestMultiLevelLimits" name="test_period_keys_change_with_time" time="0.001" /><testcase classname="tests.test_phase11_quant_institutional.TestMultiLevelLimits" name="test_winning_trades_do_not_lock" time="0.001" /><testcase classname="tests.test_phase12_architecture.TestDomainExceptions" name="test_base_exception_has_default_message" time="0.000" /><testcase classname="tests.test_phase12_architecture.TestDomainExceptions" name="test_exception_with_custom_message" time="0.000" /><testcase classname="tests.test_phase12_architecture.TestDomainExceptions" name="test_exception_with_context" time="0.000" /><testcase classname="tests.test_phase12_architecture.TestDomainExceptions" name="test_hierarchy_signal_extends_base" time="0.000" /><testcase classname="tests.test_phase12_architecture.TestDomainExceptions" name="test_hierarchy_risk_extends_base" time="0.000" /><testcase classname="tests.test_phase12_architecture.TestDomainExceptions" name="test_hierarchy_persistence_extends_base" time="0.000" /><testcase classname="tests.test_phase12_architecture.TestDomainExceptions" name="test_can_catch_all_signal_errors_with_base" time="0.000" /><testcase classname="tests.test_phase12_architecture.TestDomainExceptions" name="test_can_catch_all_with_coinepro_base" time="0.000" /><testcase classname="tests.test_phase12_architecture.TestTypedDictShapes" name="test_signal_payload_accepts_minimal" time="0.000" /><testcase classname="tests.test_phase12_architecture.TestTypedDictShapes" name="test_technical_analysis_result" time="0.000" /><testcase classname="tests.test_phase12_architecture.TestSignalStateMachine" name="test_fresh_starts_in_pending" time="0.000" /><testcase classname="tests.test_phase12_architecture.TestSignalStateMachine" name="test_pending_to_active_allowed" time="0.000" /><testcase classname="tests.test_phase12_architecture.TestSignalStateMachine" name="test_pending_to_tp1_disallowed" time="0.000" /><testcase classname="tests.test_phase12_architecture.TestSignalStateMachine" name="test_active_to_sl_hit_allowed" time="0.000" /><testcase classname="tests.test_phase12_architecture.TestSignalStateMachine" name="test_terminal_state_cannot_transition" time="0.000" /><testcase classname="tests.test_phase12_architecture.TestSignalStateMachine" name="test_history_captures_all_transitions" time="0.000" /><testcase classname="tests.test_phase12_architecture.TestSignalStateMachine" name="test_to_dict_serializes" time="0.000" /><testcase classname="tests.test_phase12_architecture.TestSignalStateMachine" name="test_cancelled_from_pending" time="0.000" /><testcase classname="tests.test_phase12_architecture.TestIdempotency" name="test_signal_key_deterministic" time="0.000" /><testcase classname="tests.test_phase12_architecture.TestIdempotency" name="test_signal_key_changes_with_direction" time="0.000" /><testcase classname="tests.test_phase12_architecture.TestIdempotency" name="test_signal_key_changes_with_timeframe" time="0.000" /><testcase classname="tests.test_phase12_architecture.TestIdempotency" name="test_hash_payload_deterministic" time="0.000" /><testcase classname="tests.test_phase12_architecture.TestIdempotency" name="test_hash_payload_order_independent" time="0.000" /><testcase classname="tests.test_phase12_architecture.TestIdempotency" name="test_outbox_signal_created_factory" time="0.000" /><testcase classname="tests.test_phase12_architecture.TestIdempotency" name="test_outbox_retry_logic" time="0.000" /><testcase classname="tests.test_phase12_architecture.TestIdempotency" name="test_outbox_mark_published" time="0.000" /><testcase classname="tests.test_phase12_architecture.TestIdempotency" name="test_outbox_to_dict_serializes" time="0.000" /><testcase classname="tests.test_phase12_architecture.TestSignalLifecycleService" name="test_validate_accepts_well_formed_long" time="0.001" /><testcase classname="tests.test_phase12_architecture.TestSignalLifecycleService" name="test_rejects_long_with_sl_above_entry" time="0.001" /><testcase classname="tests.test_phase12_architecture.TestSignalLifecycleService" name="test_rejects_short_with_tp_above_entry" time="0.001" /><testcase classname="tests.test_phase12_architecture.TestSignalLifecycleService" name="test_rejects_missing_fields" time="0.001" /><testcase classname="tests.test_phase12_architecture.TestSignalLifecycleService" name="test_rejects_low_rr" time="0.001" /><testcase classname="tests.test_phase12_architecture.TestSignalLifecycleService" name="test_state_for_target_hit_mapping" time="0.001" /><testcase classname="tests.test_phase12_architecture.TestSignalLifecycleService" name="test_state_for_unknown_target_raises" time="0.001" /><testcase classname="tests.test_phase12_architecture.TestSourceInvariants" name="test_exceptions_module_exists" time="0.000" /><testcase classname="tests.test_phase12_architecture.TestSourceInvariants" name="test_types_module_exists" time="0.000" /><testcase classname="tests.test_phase12_architecture.TestSourceInvariants" name="test_state_machine_module_exists" time="0.000" /><testcase classname="tests.test_phase12_architecture.TestSourceInvariants" name="test_idempotency_module_exists" time="0.000" /><testcase classname="tests.test_phase12_architecture.TestSourceInvariants" name="test_services_module_exists" time="0.000" /><testcase classname="tests.test_phase12_architecture.TestSourceInvariants" name="test_repository_module_exists" time="0.000" /><testcase classname="tests.test_phase13_production_ops.TestCorrelationID" name="test_new_correlation_id_is_unique" time="0.000" /><testcase classname="tests.test_phase13_production_ops.TestCorrelationID" name="test_correlation_id_length" time="0.000" /><testcase classname="tests.test_phase13_production_ops.TestCorrelationID" name="test_context_var_starts_none" time="0.000" /><testcase classname="tests.test_phase13_production_ops.TestCorrelationID" name="test_context_manager_sets_and_resets" time="0.000" /><testcase classname="tests.test_phase13_production_ops.TestCorrelationID" name="test_context_manager_auto_generates" time="0.000" /><testcase classname="tests.test_phase13_production_ops.TestCorrelationID" name="test_processor_adds_cid_to_event_dict" time="0.000" /><testcase classname="tests.test_phase13_production_ops.TestCorrelationID" name="test_processor_no_overwrite" time="0.000" /><testcase classname="tests.test_phase13_production_ops.TestSentry" name="test_setup_with_no_dsn_skips" time="0.000" /><testcase classname="tests.test_phase13_production_ops.TestSentry" name="test_setup_with_disabled_skips" time="0.000" /><testcase classname="tests.test_phase13_production_ops.TestSentry" name="test_capture_exception_safe_when_not_initialized" time="0.000" /><testcase classname="tests.test_phase13_production_ops.TestSentry" name="test_capture_message_safe_when_not_initialized" time="0.000" /><testcase classname="tests.test_phase13_production_ops.TestTracing" name="test_trace_span_no_otel_works" time="0.005" /><testcase classname="tests.test_phase13_production_ops.TestTracing" name="test_trace_span_propagates_exceptions" time="0.000" /><testcase classname="tests.test_phase13_production_ops.TestTracing" name="test_traced_decorator_async" time="0.001" /><testcase classname="tests.test_phase13_production_ops.TestTracing" name="test_traced_decorator_sync" time="0.000" /><testcase classname="tests.test_phase13_production_ops.TestHealthChecker" name="test_all_healthy" time="0.001" /><testcase classname="tests.test_phase13_production_ops.TestHealthChecker" name="test_critical_failure_makes_unhealthy" time="0.001" /><testcase classname="tests.test_phase13_production_ops.TestHealthChecker" name="test_non_critical_failure_makes_degraded" time="0.001" /><testcase classname="tests.test_phase13_production_ops.TestHealthChecker" name="test_exception_in_check_marked_unhealthy" time="0.001" /><testcase classname="tests.test_phase13_production_ops.TestHealthChecker" name="test_timeout_marks_unhealthy" time="3.005" /><testcase classname="tests.test_phase13_production_ops.TestHealthChecker" name="test_liveness_always_healthy" time="0.002" /><testcase classname="tests.test_phase13_production_ops.TestHealthChecker" name="test_disk_space_check_runs" time="0.001" /><testcase classname="tests.test_phase13_production_ops.TestHealthChecker" name="test_disk_space_unhealthy_when_below_min" time="0.001" /><testcase classname="tests.test_phase13_production_ops.TestRateLimiterHelpers" name="test_quota_defaults_exist" time="0.001" /><testcase classname="tests.test_phase13_production_ops.TestRateLimiterHelpers" name="test_extract_user_id_handles_missing_header" time="0.005" /><testcase classname="tests.test_phase13_production_ops.TestRateLimiterHelpers" name="test_extract_tier_anonymous_for_invalid" time="0.005" /><testcase classname="tests.test_phase13_production_ops.TestInfrastructureFiles" name="test_alertmanager_config_exists" time="0.001" /><testcase classname="tests.test_phase13_production_ops.TestInfrastructureFiles" name="test_telegram_template_exists" time="0.001" /><testcase classname="tests.test_phase13_production_ops.TestInfrastructureFiles" name="test_recording_rules_exists" time="0.001" /><testcase classname="tests.test_phase13_production_ops.TestInfrastructureFiles" name="test_restore_script_exists_and_executable" time="0.001" /><testcase classname="tests.test_phase13_production_ops.TestInfrastructureFiles" name="test_dr_drill_script_exists" time="0.001" /><testcase classname="tests.test_phase13_production_ops.TestInfrastructureFiles" name="test_slo_doc_exists" time="0.001" /><testcase classname="tests.test_phase13_production_ops.TestObservabilityInvariants" name="test_correlation_id_middleware_class_exists" time="0.001" /><testcase classname="tests.test_phase13_production_ops.TestObservabilityInvariants" name="test_sentry_redacts_sensitive_headers" time="0.001" /><testcase classname="tests.test_phase13_production_ops.TestObservabilityInvariants" name="test_health_module_has_db_redis_data_feed_checks" time="0.001" /><testcase classname="tests.test_phase14_reporting.TestAdvancedMetrics" name="test_empty_returns_returns_zero" time="0.000" /><testcase classname="tests.test_phase14_reporting.TestAdvancedMetrics" name="test_omega_breakeven_at_one" time="0.001" /><testcase classname="tests.test_phase14_reporting.TestAdvancedMetrics" name="test_omega_above_one_profitable" time="0.000" /><testcase classname="tests.test_phase14_reporting.TestAdvancedMetrics" name="test_omega_with_no_losses_is_inf" time="0.000" /><testcase classname="tests.test_phase14_reporting.TestAdvancedMetrics" name="test_tail_ratio_symmetric" time="0.001" /><testcase classname="tests.test_phase14_reporting.TestAdvancedMetrics" name="test_tail_ratio_positive_skew" time="0.001" /><testcase classname="tests.test_phase14_reporting.TestAdvancedMetrics" name="test_mar_ratio_with_drawdown" time="0.001" /><testcase classname="tests.test_phase14_reporting.TestAdvancedMetrics" name="test_psr_with_positive_sharpe" time="0.000" /><testcase classname="tests.test_phase14_reporting.TestAdvancedMetrics" name="test_psr_negative_strategy" time="0.000" /><testcase classname="tests.test_phase14_reporting.TestAdvancedMetrics" name="test_dsr_more_conservative_than_psr" time="0.000" /><testcase classname="tests.test_phase14_reporting.TestAdvancedMetrics" name="test_skewness_positive" time="0.000" /><testcase classname="tests.test_phase14_reporting.TestAdvancedMetrics" name="test_skewness_negative" time="0.000" /><testcase classname="tests.test_phase14_reporting.TestMonthlyHeatmap" name="test_empty_returns_empty" time="0.000" /><testcase classname="tests.test_phase14_reporting.TestMonthlyHeatmap" name="test_single_month_aggregation" time="0.000" /><testcase classname="tests.test_phase14_reporting.TestMonthlyHeatmap" name="test_multi_year_separation" time="0.000" /><testcase classname="tests.test_phase14_reporting.TestMonthlyHeatmap" name="test_annual_return_compounded" time="0.000" /><testcase classname="tests.test_phase14_reporting.TestRollingMetrics" name="test_rolling_cagr_window_too_small" time="0.000" /><testcase classname="tests.test_phase14_reporting.TestRollingMetrics" name="test_rolling_cagr_basic" time="0.000" /><testcase classname="tests.test_phase14_reporting.TestRollingMetrics" name="test_rolling_sharpe_returns_points" time="0.004" /><testcase classname="tests.test_phase14_reporting.TestDrawdownPeriods" name="test_no_drawdown_returns_empty" time="0.000" /><testcase classname="tests.test_phase14_reporting.TestDrawdownPeriods" name="test_single_drawdown_and_recovery" time="0.000" /><testcase classname="tests.test_phase14_reporting.TestDrawdownPeriods" name="test_ongoing_drawdown_no_recovery" time="0.000" /><testcase classname="tests.test_phase14_reporting.TestBenchmarkComparison" name="test_perfect_correlation_beta_one" time="0.000" /><testcase classname="tests.test_phase14_reporting.TestBenchmarkComparison" name="test_strategy_outperforms" time="0.000" /><testcase classname="tests.test_phase14_reporting.TestBenchmarkComparison" name="test_uncorrelated_strategy_low_beta" time="0.000" /><testcase classname="tests.test_phase14_reporting.TestBenchmarkComparison" name="test_insufficient_data" time="0.000" /><testcase classname="tests.test_phase14_reporting.TestAPIRoutes" name="test_reports_route_exists" time="0.000" /><testcase classname="tests.test_phase14_reporting.TestAPIRoutes" name="test_reports_router_mounted_in_main" time="0.000" /><testcase classname="tests.test_phase14_reporting.TestFrontendIntegration" name="test_reports_page_exists" time="0.000" /><testcase classname="tests.test_phase14_reporting.TestFrontendIntegration" name="test_route_registered_in_app" time="0.000" /><testcase classname="tests.test_phase14_reporting.TestFrontendIntegration" name="test_sidebar_includes_reports" time="0.001" /><testcase classname="tests.test_phase14_reporting.TestFrontendIntegration" name="test_api_client_exports_reports_api" time="0.000" /><testcase classname="tests.test_phase15_ux.TestCompactFormatter" name="test_compact_is_short" time="0.004" /><testcase classname="tests.test_phase15_ux.TestCompactFormatter" name="test_compact_contains_essentials" time="0.004" /><testcase classname="tests.test_phase15_ux.TestCompactFormatter" name="test_compact_short_for_sell" time="0.004" /><testcase classname="tests.test_phase15_ux.TestCompactFormatter" name="test_compact_handles_missing_targets" time="0.004" /><testcase classname="tests.test_phase15_ux.TestCompactFormatter" name="test_compact_uses_html_bold" time="0.004" /><testcase classname="tests.test_phase15_ux.TestInlineKeyboard" name="test_builds_two_rows" time="0.004" /><testcase classname="tests.test_phase15_ux.TestInlineKeyboard" name="test_callback_data_includes_signal_id" time="0.004" /><testcase classname="tests.test_phase15_ux.TestInlineKeyboard" name="test_callback_data_namespaced" time="0.004" /><testcase classname="tests.test_phase15_ux.TestInlineKeyboard" name="test_buttons_have_persian_text" time="0.004" /><testcase classname="tests.test_phase15_ux.TestTierSummary" name="test_free_tier_shows_upgrade_hint" time="0.004" /><testcase classname="tests.test_phase15_ux.TestTierSummary" name="test_premium_tier_no_upgrade_hint" time="0.004" /><testcase classname="tests.test_phase15_ux.TestTierSummary" name="test_vip_tier" time="0.004" /><testcase classname="tests.test_phase15_ux.TestTierSummary" name="test_unknown_plan_falls_back_to_free" time="0.004" /><testcase classname="tests.test_phase15_ux.TestTierSummary" name="test_remaining_calculated" time="0.004" /><testcase classname="tests.test_phase15_ux.TestFrontendFiles" name="test_command_palette_exists" time="0.000" /><testcase classname="tests.test_phase15_ux.TestFrontendFiles" name="test_command_palette_has_keyboard_navigation" time="0.000" /><testcase classname="tests.test_phase15_ux.TestFrontendFiles" name="test_command_palette_has_aria" time="0.000" /><testcase classname="tests.test_phase15_ux.TestFrontendFiles" name="test_empty_state_component_exists" time="0.000" /><testcase classname="tests.test_phase15_ux.TestFrontendFiles" name="test_skeleton_components_exist" time="0.000" /><testcase classname="tests.test_phase15_ux.TestSidebarMobile" name="test_sidebar_uses_media_query" time="0.000" /><testcase classname="tests.test_phase15_ux.TestSidebarMobile" name="test_sidebar_has_drawer_state" time="0.000" /><testcase classname="tests.test_phase15_ux.TestSidebarMobile" name="test_sidebar_has_overlay" time="0.000" /><testcase classname="tests.test_phase15_ux.TestSidebarMobile" name="test_sidebar_has_focus_visible" time="0.000" /><testcase classname="tests.test_phase15_ux.TestSidebarMobile" name="test_admin_layout_has_hamburger" time="0.000" /><testcase classname="tests.test_phase15_ux.TestSidebarMobile" name="test_admin_layout_includes_command_palette" time="0.000" /><testcase classname="tests.test_phase15_ux.TestStoreMobileDrawer" name="test_store_has_mobile_drawer_actions" time="0.000" /><testcase classname="tests.test_phase15_ux.TestStoreMobileDrawer" name="test_store_excludes_drawer_from_persist" time="0.000" /><testcase classname="tests.test_phase15_ux.TestI18n" name="test_i18n_module_exists" time="0.000" /><testcase classname="tests.test_phase15_ux.TestI18n" name="test_i18n_has_translations_dictionary" time="0.000" /><testcase classname="tests.test_phase15_ux.TestI18n" name="test_i18n_has_common_keys" time="0.000" /><testcase classname="tests.test_phase15_ux.TestI18n" name="test_i18n_supports_interpolation" time="0.000" /><testcase classname="tests.test_phase15_ux.TestI18n" name="test_i18n_helpers_exported" time="0.000" /><testcase classname="tests.test_phase1_backtest.TestCostModel" name="test_default_profile_has_known_symbols" time="0.000" /><testcase classname="tests.test_phase1_backtest.TestCostModel" name="test_unknown_symbol_returns_conservative_profile" time="0.000" /><testcase classname="tests.test_phase1_backtest.TestCostModel" name="test_entry_slippage_worsens_price" time="0.000" /><testcase classname="tests.test_phase1_backtest.TestCostModel" name="test_stop_slippage_makes_loss_worse" time="0.000" /><testcase classname="tests.test_phase1_backtest.TestCostModel" name="test_swap_count_triple_on_wednesday" time="0.000" /><testcase classname="tests.test_phase1_backtest.TestCostModel" name="test_swap_count_zero_over_weekend" time="0.000" /><testcase classname="tests.test_phase1_backtest.TestTradeSimulator" name="test_long_hits_tp1" time="0.001" /><testcase classname="tests.test_phase1_backtest.TestTradeSimulator" name="test_long_hits_sl" time="0.001" /><testcase classname="tests.test_phase1_backtest.TestTradeSimulator" name="test_long_gap_down_below_sl_fills_at_open" time="0.001" /><testcase classname="tests.test_phase1_backtest.TestTradeSimulator" name="test_short_hits_tp1" time="0.001" /><testcase classname="tests.test_phase1_backtest.TestTradeSimulator" name="test_simultaneous_sl_and_tp_pessimistic_stop_wins" time="0.001" /><testcase classname="tests.test_phase1_backtest.TestTradeSimulator" name="test_timeout_when_no_target_hit" time="0.001" /><testcase classname="tests.test_phase1_backtest.TestMetrics" name="test_win_rate_calculation" time="0.000" /><testcase classname="tests.test_phase1_backtest.TestMetrics" name="test_profit_factor" time="0.000" /><testcase classname="tests.test_phase1_backtest.TestMetrics" name="test_max_drawdown" time="0.000" /><testcase classname="tests.test_phase1_backtest.TestMetrics" name="test_longest_losing_streak" time="0.000" /><testcase classname="tests.test_phase1_backtest.TestMetrics" name="test_per_symbol_attribution" time="0.000" /><testcase classname="tests.test_phase1_backtest.TestMetrics" name="test_attribute_by_tag_groups_correctly" time="0.000" /><testcase classname="tests.test_phase1_backtest.TestBacktestEngine" name="test_run_with_one_winning_signal" time="0.001" /><testcase classname="tests.test_phase1_backtest.TestBacktestEngine" name="test_dominant_component_detection" time="0.000" /><testcase classname="tests.test_phase1_backtest.TestBacktestEngine" name="test_lot_size_respects_risk_pct" time="0.000" /><testcase classname="tests.test_phase1_backtest.TestEndToEnd" name="test_full_run_with_mixed_outcomes_and_attribution" time="0.002" /><testcase classname="tests.test_phase1_backtest.TestEndToEnd" name="test_cost_model_meaningfully_reduces_profit" time="0.001" /><testcase classname="tests.test_phase1_backtest.TestWalkForward" name="test_raises_when_history_too_short" time="0.000" /><testcase classname="tests.test_phase1_backtest.TestWalkForward" name="test_aggregated_metrics_combine_oos_folds" time="0.000" /><testcase classname="tests.test_phase1_backtest.TestWalkForward" name="test_folds_are_non_overlapping_by_default" time="0.000" /><testcase classname="tests.test_phase2_risk.TestSymbolConfig" name="test_known_symbol_has_specific_config" time="0.000" /><testcase classname="tests.test_phase2_risk.TestSymbolConfig" name="test_unknown_symbol_returns_fallback" time="0.000" /><testcase classname="tests.test_phase2_risk.TestSymbolConfig" name="test_high_volatility_symbols_have_wider_sl" time="0.000" /><testcase classname="tests.test_phase2_risk.TestDailyLossLimit" name="test_clean_state_allows_signal" time="0.001" /><testcase classname="tests.test_phase2_risk.TestDailyLossLimit" name="test_dollar_limit_blocks_after_exceeded" time="0.001" /><testcase classname="tests.test_phase2_risk.TestDailyLossLimit" name="test_pct_limit_blocks_when_threshold_reached" time="0.001" /><testcase classname="tests.test_phase2_risk.TestDailyLossLimit" name="test_consecutive_losses_block" time="0.001" /><testcase classname="tests.test_phase2_risk.TestDailyLossLimit" name="test_winning_trade_resets_consecutive_losses" time="0.001" /><testcase classname="tests.test_phase2_risk.TestDailyLossLimit" name="test_manual_lock_and_unlock" time="0.001" /><testcase classname="tests.test_phase2_risk.TestDailyLossLimit" name="test_signal_count_limit" time="0.000" /><testcase classname="tests.test_phase2_risk.TestCorrelationGuard" name="test_decompose_long_eurusd" time="0.000" /><testcase classname="tests.test_phase2_risk.TestCorrelationGuard" name="test_decompose_short_gbpjpy" time="0.000" /><testcase classname="tests.test_phase2_risk.TestCorrelationGuard" name="test_decompose_xauusd_long" time="0.000" /><testcase classname="tests.test_phase2_risk.TestCorrelationGuard" name="test_decompose_unknown_returns_empty" time="0.000" /><testcase classname="tests.test_phase2_risk.TestCorrelationGuard" name="test_no_open_positions_allows_signal" time="0.000" /><testcase classname="tests.test_phase2_risk.TestCorrelationGuard" name="test_too_many_usd_short_positions_blocks" time="0.000" /><testcase classname="tests.test_phase2_risk.TestCorrelationGuard" name="test_uncorrelated_signal_allowed" time="0.000" /><testcase classname="tests.test_phase2_risk.TestCorrelationGuard" name="test_static_correlation_lookup" time="0.000" /><testcase classname="tests.test_phase2_risk.TestCorrelationGuard" name="test_same_symbol_correlation_is_one" time="0.000" /><testcase classname="tests.test_phase2_risk.TestSessionFilter" name="test_london_session_active_at_10am_utc" time="0.000" /><testcase classname="tests.test_phase2_risk.TestSessionFilter" name="test_ny_session_active_at_15_utc" time="0.000" /><testcase classname="tests.test_phase2_risk.TestSessionFilter" name="test_tokyo_session_active_at_03_utc" time="0.000" /><testcase classname="tests.test_phase2_risk.TestSessionFilter" name="test_low_liquidity_window_at_2130_utc" time="0.000" /><testcase classname="tests.test_phase2_risk.TestSessionFilter" name="test_eurusd_blocked_in_tokyo_only" time="0.000" /><testcase classname="tests.test_phase2_risk.TestSessionFilter" name="test_eurusd_allowed_in_london" time="0.000" /><testcase classname="tests.test_phase2_risk.TestSessionFilter" name="test_us30_blocked_outside_ny" time="0.000" /><testcase classname="tests.test_phase2_risk.TestSessionFilter" name="test_us30_allowed_in_ny" time="0.000" /><testcase classname="tests.test_phase2_risk.TestSessionFilter" name="test_unknown_symbol_allowed_by_default" time="0.000" /><testcase classname="tests.test_phase2_risk.TestSessionFilter" name="test_unknown_symbol_rejected_in_strict_mode" time="0.000" /><testcase classname="tests.test_phase2_risk.TestWeekendFilter" name="test_wednesday_noon_allowed" time="0.000" /><testcase classname="tests.test_phase2_risk.TestWeekendFilter" name="test_friday_late_blocked" time="0.000" /><testcase classname="tests.test_phase2_risk.TestWeekendFilter" name="test_saturday_always_blocked" time="0.000" /><testcase classname="tests.test_phase2_risk.TestWeekendFilter" name="test_sunday_before_2200_blocked" time="0.000" /><testcase classname="tests.test_phase2_risk.TestWeekendFilter" name="test_sunday_after_2200_allowed" time="0.000" /><testcase classname="tests.test_phase2_risk.TestRegimeDetector" name="test_trending_up_detected" time="0.002" /><testcase classname="tests.test_phase2_risk.TestRegimeDetector" name="test_trending_down_detected" time="0.001" /><testcase classname="tests.test_phase2_risk.TestRegimeDetector" name="test_ranging_detected" time="0.001" /><testcase classname="tests.test_phase2_risk.TestRegimeDetector" name="test_insufficient_data_returns_none" time="0.001" /><testcase classname="tests.test_phase2_risk.TestRegimeDetector" name="test_atr_percentile_within_range" time="0.001" /><testcase classname="tests.test_phase2_risk.TestRiskGuard" name="test_weekend_blocks_signal" time="0.005" /><testcase classname="tests.test_phase2_risk.TestRiskGuard" name="test_session_blocks_xauusd_in_tokyo_only" time="0.002" /><testcase classname="tests.test_phase2_risk.TestRiskGuard" name="test_low_rr_blocked" time="0.002" /><testcase classname="tests.test_phase2_risk.TestRiskGuard" name="test_sl_too_tight_blocked" time="0.002" /><testcase classname="tests.test_phase2_risk.TestRiskGuard" name="test_valid_signal_allowed" time="0.002" /><testcase classname="tests.test_phase2_risk.TestRiskGuard" name="test_correlation_blocks_overexposed_usd" time="0.002" /><testcase classname="tests.test_phase2_risk.TestRiskGuard" name="test_regime_mismatch_trending_in_reversion" time="0.003" /><testcase classname="tests.test_phase3_optimization.TestFeatureScaler" name="test_fit_robust_scaler" time="0.002" /><testcase classname="tests.test_phase3_optimization.TestFeatureScaler" name="test_transform_preserves_order" time="0.002" /><testcase classname="tests.test_phase3_optimization.TestFeatureScaler" name="test_transform_with_extra_columns" time="0.002" /><testcase classname="tests.test_phase3_optimization.TestFeatureScaler" name="test_transform_missing_column_raises" time="0.001" /><testcase classname="tests.test_phase3_optimization.TestFeatureScaler" name="test_save_and_load_roundtrip" time="0.005" /><testcase classname="tests.test_phase3_optimization.TestFeatureScaler" name="test_load_missing_file_raises" time="0.001" /><testcase classname="tests.test_phase3_optimization.TestMultiTimeframe" name="test_aligned_when_all_bullish" time="0.000" /><testcase classname="tests.test_phase3_optimization.TestMultiTimeframe" name="test_net_confluence_blocks_mixed_signals" time="0.000" /><testcase classname="tests.test_phase3_optimization.TestMultiTimeframe" name="test_higher_tf_bias_overrides_short_term" time="0.000" /><testcase classname="tests.test_phase3_optimization.TestMultiTimeframe" name="test_signal_against_higher_bias_detection" time="0.000" /><testcase classname="tests.test_phase3_optimization.TestMultiTimeframe" name="test_neutral_when_no_data" time="0.000" /><testcase classname="tests.test_phase3_optimization.TestVolumeProfile" name="test_vwap_returns_series" time="0.001" /><testcase classname="tests.test_phase3_optimization.TestVolumeProfile" name="test_volume_profile_finds_poc" time="0.001" /><testcase classname="tests.test_phase3_optimization.TestVolumeProfile" name="test_volume_profile_returns_none_with_insufficient_data" time="0.001" /><testcase classname="tests.test_phase3_optimization.TestVolumeProfile" name="test_low_liquidity_detected" time="0.001" /><testcase classname="tests.test_phase3_optimization.TestVolumeProfile" name="test_high_liquidity_detected" time="0.001" /><testcase classname="tests.test_phase3_optimization.TestABTest" name="test_deterministic_assignment" time="0.000" /><testcase classname="tests.test_phase3_optimization.TestABTest" name="test_traffic_split_approximate" time="0.001" /><testcase classname="tests.test_phase3_optimization.TestABTest" name="test_zero_traffic_to_variant" time="0.000" /><testcase classname="tests.test_phase3_optimization.TestABTest" name="test_analyze_significant_improvement" time="0.000" /><testcase classname="tests.test_phase3_optimization.TestABTest" name="test_analyze_no_significant_difference" time="0.000" /><testcase classname="tests.test_phase3_optimization.TestABTest" name="test_analyze_inadequate_sample" time="0.000" /><testcase classname="tests.test_phase3_optimization.TestABTest" name="test_stats_computes_profit_factor" time="0.000" /><testcase classname="tests.test_phase4_quality.TestSecretRedactor" name="test_redacts_password_field" time="0.000" /><testcase classname="tests.test_phase4_quality.TestSecretRedactor" name="test_redacts_token_fields" time="0.000" /><testcase classname="tests.test_phase4_quality.TestSecretRedactor" name="test_redacts_authorization_field" time="0.000" /><testcase classname="tests.test_phase4_quality.TestSecretRedactor" name="test_redacts_jwt_in_string_value" time="0.000" /><testcase classname="tests.test_phase4_quality.TestSecretRedactor" name="test_redacts_bearer_token_in_string" time="0.000" /><testcase classname="tests.test_phase4_quality.TestSecretRedactor" name="test_redacts_recursively_in_nested_dict" time="0.000" /><testcase classname="tests.test_phase4_quality.TestSecretRedactor" name="test_redacts_in_lists" time="0.000" /><testcase classname="tests.test_phase4_quality.TestSecretRedactor" name="test_non_string_values_unchanged" time="0.000" /><testcase classname="tests.test_phase4_quality.TestSecretRedactor" name="test_case_insensitive_key_matching" time="0.000" /><testcase classname="tests.test_phase4_quality.TestSecretRedactor" name="test_safe_keys_not_redacted" time="0.000" /><testcase classname="tests.test_phase4_quality.TestCorsConfig" name="test_parse_origins_empty" time="0.001" /><testcase classname="tests.test_phase4_quality.TestCorsConfig" name="test_parse_origins_single" time="0.001" /><testcase classname="tests.test_phase4_quality.TestCorsConfig" name="test_parse_origins_multiple" time="0.001" /><testcase classname="tests.test_phase4_quality.TestCorsConfig" name="test_default_dev_origins_no_wildcard" time="0.001" /><testcase classname="tests.test_phase4_quality.TestCorsConfig" name="test_default_production_origins_https_only" time="0.001" /><testcase classname="tests.test_phase4_quality.TestFailoverLock" name="test_feed_manager_has_failover_lock" time="0.000" /><testcase classname="tests.test_phase4_quality.TestConnectionPools" name="test_db_pool_settings_present" time="0.001" /><testcase classname="tests.test_phase4_quality.TestConnectionPools" name="test_database_uses_settings_pool_size" time="0.000" /><testcase classname="tests.test_phase4_quality.TestGetDb" name="test_get_db_uses_in_transaction_check" time="0.000" /><testcase classname="tests.test_phase4_quality.TestTimezoneConsistency" name="test_no_utcnow_in_src" time="0.009" /><testcase classname="tests.test_phase5_frontend.TestAdminAppRoutes" name="test_backtest_route_registered" time="0.000" /><testcase classname="tests.test_phase5_frontend.TestAdminAppRoutes" name="test_risk_route_registered" time="0.000" /><testcase classname="tests.test_phase5_frontend.TestAdminAppRoutes" name="test_backtest_page_exists" time="0.000" /><testcase classname="tests.test_phase5_frontend.TestAdminAppRoutes" name="test_risk_page_exists" time="0.000" /><testcase classname="tests.test_phase5_frontend.TestSidebarNavigation" name="test_sidebar_includes_backtest" time="0.000" /><testcase classname="tests.test_phase5_frontend.TestSidebarNavigation" name="test_sidebar_includes_risk" time="0.001" /><testcase classname="tests.test_phase5_frontend.TestApiClient" name="test_backtest_api_exported" time="0.000" /><testcase classname="tests.test_phase5_frontend.TestApiClient" name="test_risk_api_exported" time="0.000" /><testcase classname="tests.test_phase5_frontend.TestRiskRoutes" name="test_risk_module_loadable" time="0.000" /><testcase classname="tests.test_phase5_frontend.TestRiskRoutes" name="test_risk_router_mounted_in_main" time="0.000" /><testcase classname="tests.test_phase5_frontend.TestRiskRoutes" name="test_risk_uses_admin_auth" time="0.000" /><testcase classname="tests.test_phase5_frontend.TestFormatterEnhancements" name="test_signal_without_extras_still_formats" time="0.004" /><testcase classname="tests.test_phase5_frontend.TestFormatterEnhancements" name="test_dominant_component_displayed" time="0.004" /><testcase classname="tests.test_phase5_frontend.TestFormatterEnhancements" name="test_market_regime_displayed" time="0.004" /><testcase classname="tests.test_phase5_frontend.TestFormatterEnhancements" name="test_session_displayed" time="0.004" /><testcase classname="tests.test_phase5_frontend.TestFormatterEnhancements" name="test_higher_tf_bias_displayed_when_not_neutral" time="0.004" /><testcase classname="tests.test_phase6_launch.TestTradingMode" name="test_mode_enum_values" time="0.000" /><testcase classname="tests.test_phase6_launch.TestTradingMode" name="test_default_config_is_paper" time="0.000" /><testcase classname="tests.test_phase6_launch.TestTradingMode" name="test_should_publish_to_users_true_only_in_live" time="0.000" /><testcase classname="tests.test_phase6_launch.TestTradingMode" name="test_from_settings_unknown_mode_falls_back_to_paper" time="0.000" /><testcase classname="tests.test_phase6_launch.TestTradingMode" name="test_from_settings_reads_live" time="0.000" /><testcase classname="tests.test_phase6_launch.TestPublishSignal" name="test_disabled_mode_does_nothing" time="0.001" /><testcase classname="tests.test_phase6_launch.TestPublishSignal" name="test_paper_mode_persists_in_paper_namespace" time="0.001" /><testcase classname="tests.test_phase6_launch.TestPublishSignal" name="test_live_mode_persists_in_live_namespace" time="0.001" /><testcase classname="tests.test_phase6_launch.TestDivergence" name="test_insufficient_paper_trades_returns_wait" time="0.000" /><testcase classname="tests.test_phase6_launch.TestDivergence" name="test_paper_matches_backtest_proceed" time="0.000" /><testcase classname="tests.test_phase6_launch.TestDivergence" name="test_significant_degradation_blocks_launch" time="0.000" /><testcase classname="tests.test_phase6_launch.TestDivergence" name="test_per_metric_direction_labels" time="0.000" /><testcase classname="tests.test_phase6_launch.TestPreflightChecks" name="test_runbook_check_passes_when_file_exists" time="0.002" /><testcase classname="tests.test_phase6_launch.TestPreflightChecks" name="test_backup_script_check_passes" time="0.002" /><testcase classname="tests.test_phase6_launch.TestPreflightChecks" name="test_monitoring_check_passes" time="0.002" /><testcase classname="tests.test_phase6_launch.TestPreflightChecks" name="test_check_levels_enum" time="0.001" /><testcase classname="tests.test_phase6_launch.TestPreflightChecks" name="test_preflight_result_blocks_when_critical_fails" time="0.001" /><testcase classname="tests.test_phase6_launch.TestPreflightChecks" name="test_preflight_result_ready_when_only_warnings_fail" time="0.001" /><testcase classname="tests.test_phase6_launch.TestMonitoringFiles" name="test_alerts_yml_exists" time="0.000" /><testcase classname="tests.test_phase6_launch.TestMonitoringFiles" name="test_grafana_dashboard_exists" time="0.000" /><testcase classname="tests.test_phase6_launch.TestDocumentation" name="test_runbook_exists" time="0.000" /><testcase classname="tests.test_phase6_launch.TestDocumentation" name="test_backup_script_exists_and_is_executable" time="0.000" /><testcase classname="tests.test_phase6_launch.TestNewMetrics" name="test_phase6_metrics_defined" time="0.000" /><testcase classname="tests.test_phase6_launch.TestConfigTradingMode" name="test_trading_mode_in_settings" time="0.000" /><testcase classname="tests.test_phase7_followups.TestDSTHandling" name="test_eu_dst_in_summer" time="0.001" /><testcase classname="tests.test_phase7_followups.TestDSTHandling" name="test_eu_dst_in_winter" time="0.001" /><testcase classname="tests.test_phase7_followups.TestDSTHandling" name="test_us_dst_in_summer" time="0.001" /><testcase classname="tests.test_phase7_followups.TestDSTHandling" name="test_london_session_shifts_with_dst" time="0.001" /><testcase classname="tests.test_phase7_followups.TestDSTHandling" name="test_ny_session_shifts_with_dst" time="0.001" /><testcase classname="tests.test_phase7_followups.TestHolidayCalendar" name="test_christmas_full_closure" time="0.001" /><testcase classname="tests.test_phase7_followups.TestHolidayCalendar" name="test_new_year_full_closure" time="0.001" /><testcase classname="tests.test_phase7_followups.TestHolidayCalendar" name="test_us_independence_partial" time="0.001" /><testcase classname="tests.test_phase7_followups.TestHolidayCalendar" name="test_thanksgiving_2026" time="0.001" /><testcase classname="tests.test_phase7_followups.TestHolidayCalendar" name="test_good_friday_2026" time="0.001" /><testcase classname="tests.test_phase7_followups.TestHolidayCalendar" name="test_regular_day_returns_none" time="0.001" /><testcase classname="tests.test_phase7_followups.TestHolidayCalendar" name="test_is_holiday_blackout_christmas" time="0.001" /><testcase classname="tests.test_phase7_followups.TestHolidayCalendar" name="test_is_holiday_blackout_regular_day" time="0.001" /><testcase classname="tests.test_phase7_followups.TestChandelierTrailing" name="test_chandelier_long" time="0.002" /><testcase classname="tests.test_phase7_followups.TestChandelierTrailing" name="test_chandelier_short" time="0.002" /><testcase classname="tests.test_phase7_followups.TestChandelierTrailing" name="test_chandelier_insufficient_data" time="0.002" /><testcase classname="tests.test_phase7_followups.TestChandelierTrailing" name="test_trailing_moves_to_breakeven_after_tp1" time="0.001" /><testcase classname="tests.test_phase7_followups.TestChandelierTrailing" name="test_trailing_locks_tp1_after_tp2" time="0.001" /><testcase classname="tests.test_phase7_followups.TestChandelierTrailing" name="test_trailing_never_moves_backward" time="0.001" /><testcase classname="tests.test_phase7_followups.TestInstrumentsModule" name="test_eurusd_spec" time="0.002" /><testcase classname="tests.test_phase7_followups.TestInstrumentsModule" name="test_xauusd_spec" time="0.002" /><testcase classname="tests.test_phase7_followups.TestInstrumentsModule" name="test_unknown_falls_back" time="0.002" /><testcase classname="tests.test_phase7_followups.TestInstrumentsModule" name="test_helper_functions" time="0.002" /><testcase classname="tests.test_phase7_followups.TestIntegrationPresence" name="test_tracker_records_to_daily_loss" time="0.000" /><testcase classname="tests.test_phase7_followups.TestIntegrationPresence" name="test_riskguard_uses_holiday_calendar" time="0.000" /><testcase classname="tests.test_phase7_followups.TestIntegrationPresence" name="test_riskguard_checks_liquidity" time="0.000" /><testcase classname="tests.test_phase7_followups.TestIntegrationPresence" name="test_trainer_saves_scaler" time="0.000" /><testcase classname="tests.test_phase7_followups.TestIntegrationPresence" name="test_backtest_api_runs_engine" time="0.000" /><testcase classname="tests.test_phase7_followups.TestIntegrationPresence" name="test_launch_api_registered" time="0.000" /><testcase classname="tests.test_phase7_followups.TestIntegrationPresence" name="test_launch_routes_admin_protected" time="0.000" /><testcase classname="tests.test_phase7_followups.TestRiskGuardWithNewFilters" name="test_christmas_blocks_signal" time="0.009" /><testcase classname="tests.test_phase8_security_hotfix.TestHTMLSanitization" name="test_strips_script_tag" time="0.009" /><testcase classname="tests.test_phase8_security_hotfix.TestHTMLSanitization" name="test_strips_iframe" time="0.001" /><testcase classname="tests.test_phase8_security_hotfix.TestHTMLSanitization" name="test_strips_onclick_handler" time="0.001" /><testcase classname="tests.test_phase8_security_hotfix.TestHTMLSanitization" name="test_strips_javascript_url" time="0.000" /><testcase classname="tests.test_phase8_security_hotfix.TestHTMLSanitization" name="test_keeps_safe_tags" time="0.001" /><testcase classname="tests.test_phase8_security_hotfix.TestHTMLSanitization" name="test_no_tags_mode_strips_everything" time="0.000" /><testcase classname="tests.test_phase8_security_hotfix.TestHTMLSanitization" name="test_empty_input" time="0.000" /><testcase classname="tests.test_phase8_security_hotfix.TestHTMLSanitization" name="test_strips_object_embed" time="0.000" /><testcase classname="tests.test_phase8_security_hotfix.TestURLValidation" name="test_valid_https_url" time="0.001" /><testcase classname="tests.test_phase8_security_hotfix.TestURLValidation" name="test_valid_http_url" time="0.000" /><testcase classname="tests.test_phase8_security_hotfix.TestURLValidation" name="test_rejects_javascript_scheme" time="0.000" /><testcase classname="tests.test_phase8_security_hotfix.TestURLValidation" name="test_rejects_data_url" time="0.000" /><testcase classname="tests.test_phase8_security_hotfix.TestURLValidation" name="test_rejects_localhost" time="0.000" /><testcase classname="tests.test_phase8_security_hotfix.TestURLValidation" name="test_rejects_private_ip" time="0.000" /><testcase classname="tests.test_phase8_security_hotfix.TestURLValidation" name="test_rejects_credentials_in_url" time="0.000" /><testcase classname="tests.test_phase8_security_hotfix.TestURLValidation" name="test_rejects_empty" time="0.000" /><testcase classname="tests.test_phase8_security_hotfix.TestMaskSensitiveID" name="test_masks_telegram_id" time="0.000" /><testcase classname="tests.test_phase8_security_hotfix.TestMaskSensitiveID" name="test_masks_short_id" time="0.000" /><testcase classname="tests.test_phase8_security_hotfix.TestMaskSensitiveID" name="test_custom_visible_digits" time="0.000" /><testcase classname="tests.test_phase8_security_hotfix.TestRequireRole" name="test_role_hierarchy_satisfies" time="0.000" /><testcase classname="tests.test_phase8_security_hotfix.TestSourceLevelInvariants" name="test_refresh_uses_verify_refresh_token" time="0.000" /><testcase classname="tests.test_phase8_security_hotfix.TestSourceLevelInvariants" name="test_refresh_endpoint_has_blacklist_check" time="0.000" /><testcase classname="tests.test_phase8_security_hotfix.TestSourceLevelInvariants" name="test_get_current_admin_is_fail_secure" time="0.000" /><testcase classname="tests.test_phase8_security_hotfix.TestSourceLevelInvariants" name="test_security_headers_middleware_registered" time="0.000" /><testcase classname="tests.test_phase8_security_hotfix.TestSourceLevelInvariants" name="test_security_headers_includes_all_required" time="0.000" /><testcase classname="tests.test_phase8_security_hotfix.TestSourceLevelInvariants" name="test_articles_uses_sanitizer" time="0.000" /><testcase classname="tests.test_phase8_security_hotfix.TestSourceLevelInvariants" name="test_articles_update_uses_whitelist" time="0.000" /><testcase classname="tests.test_phase8_security_hotfix.TestSourceLevelInvariants" name="test_users_route_masks_telegram_id" time="0.000" /><testcase classname="tests.test_phase8_security_hotfix.TestSourceLevelInvariants" name="test_launch_metrics_use_whitelist" time="0.000" /><testcase classname="tests.test_phase8_security_hotfix.TestSourceLevelInvariants" name="test_backup_script_enforces_passphrase" time="0.000" /><testcase classname="tests.test_phase8_security_hotfix.TestSourceLevelInvariants" name="test_rotate_secrets_script_exists" time="0.000" /><testcase classname="tests.test_phase9_performance.TestRunInThread" name="test_runs_sync_function" time="0.001" /><testcase classname="tests.test_phase9_performance.TestRunInThread" name="test_propagates_exceptions" time="0.001" /><testcase classname="tests.test_phase9_performance.TestRunInThread" name="test_does_not_block_event_loop" time="0.102" /><testcase classname="tests.test_phase9_performance.TestRunInThread" name="test_timeout_works" time="0.053" /><testcase classname="tests.test_phase9_performance.TestRunInThread" name="test_accepts_kwargs" time="0.002" /><testcase classname="tests.test_phase9_performance.TestRunInThread" name="test_default_executor_is_singleton" time="0.001" /><testcase classname="tests.test_phase9_performance.TestRunInThread" name="test_shutdown_resets_executor" time="0.444" /><testcase classname="tests.test_phase9_performance.TestRedisClientOptimizations" name="test_get_all_active_signals_uses_sorted_set" time="0.001" /><testcase classname="tests.test_phase9_performance.TestRedisClientOptimizations" name="test_get_all_active_signals_does_not_use_keys" time="0.001" /><testcase classname="tests.test_phase9_performance.TestRedisClientOptimizations" name="test_set_active_signal_uses_pipeline" time="0.001" /><testcase classname="tests.test_phase9_performance.TestRedisClientOptimizations" name="test_remove_active_signal_uses_pipeline" time="0.001" /><testcase classname="tests.test_phase9_performance.TestRedisClientOptimizations" name="test_get_all_prices_uses_scan" time="0.001" /><testcase classname="tests.test_phase9_performance.TestRedisClientOptimizations" name="test_count_active_signals_exists" time="0.001" /><testcase classname="tests.test_phase9_performance.TestCandleBuilderBulk" name="test_save_candles_uses_bulk" time="0.001" /><testcase classname="tests.test_phase9_performance.TestCandleBuilderBulk" name="test_save_candles_validates_symbol_timeframe" time="0.001" /><testcase classname="tests.test_phase9_performance.TestCandleBuilderBulk" name="test_save_candles_uses_itertuples" time="0.001" /><testcase classname="tests.test_phase9_performance.TestCountQueryOptimization" name="test_signals_uses_func_count" time="0.001" /><testcase classname="tests.test_phase9_performance.TestCountQueryOptimization" name="test_users_uses_func_count" time="0.001" /><testcase classname="tests.test_phase9_performance.TestAggregationOptimization" name="test_performance_uses_date_trunc" time="0.001" /><testcase classname="tests.test_phase9_performance.TestAggregationOptimization" name="test_performance_does_not_python_loop_for_daily" time="0.001" /><testcase classname="tests.test_phase9_performance.TestActiveSignalsPagination" name="test_active_signals_has_pagination" time="0.001" /><testcase classname="tests.test_phase9_performance.TestConcurrentTracker" name="test_tracker_uses_asyncio_gather" time="0.001" /><testcase classname="tests.test_phase9_performance.TestEngineThreadPool" name="test_engine_uses_run_in_thread" time="0.001" /><testcase classname="tests.test_phase9_performance.TestBroadcastPipeline" name="test_broadcast_uses_pipeline_for_block_check" time="0.001" /><testcase classname="tests.test_signals.TestScorer" name="test_score_calculation" time="0.002" /><testcase classname="tests.test_signals.TestScorer" name="test_strong_signal" time="0.001" /><testcase classname="tests.test_signals.TestScorer" name="test_no_signal_low_score" time="0.000" /><testcase classname="tests.test_signals.TestRiskManager" name="test_calculate_levels" time="0.002" /><testcase classname="tests.test_smart_money.TestSmartMoneyAnalyzer" name="test_analyze_uptrend" time="0.008" /><testcase classname="tests.test_smart_money.TestSmartMoneyAnalyzer" name="test_analyze_downtrend" time="0.005" /><testcase classname="tests.test_smart_money.TestSmartMoneyAnalyzer" name="test_order_blocks_detected" time="0.005" /><testcase classname="tests.test_smart_money.TestSmartMoneyAnalyzer" name="test_fair_value_gaps" time="0.005" /><testcase classname="tests.test_smart_money.TestSmartMoneyAnalyzer" name="test_structure" time="0.005" /><testcase classname="tests.test_technical.TestTechnicalAnalyzer" name="test_analyze_returns_dict" time="0.003" /><testcase classname="tests.test_technical.TestTechnicalAnalyzer" name="test_analyze_has_technical_score" time="0.003" /><testcase classname="tests.test_technical.TestTechnicalAnalyzer" name="test_analyze_with_insufficient_data" time="0.003" /><testcase classname="tests.test_technical.TestTechnicalAnalyzer" name="test_analyze_with_empty_df" time="0.001" /><testcase classname="qa.python.security_regressions.HtmlSanitizerRegressionTests" name="test_dangerous_raw_text_blocks_are_removed_with_content" time="0.001" /><testcase classname="qa.python.security_regressions.HtmlSanitizerRegressionTests" name="test_plain_text_mode_does_not_retain_script_payload" time="0.000" /><testcase classname="qa.python.security_regressions.CorsRegressionTests" name="test_current_production_defaults_use_https_origins_only" time="0.000" /><testcase classname="qa.python.security_regressions.SecurityHeaderRegressionTests" name="test_api_disables_deprecated_xss_auditor_and_uses_restrictive_csp" time="0.001" /><testcase classname="qa.python.security_regressions.TimezoneRegressionTests" name="test_source_has_no_naive_datetime_utcnow_calls" time="0.009" /><testcase classname="qa.python.security_regressions.DependencyRegressionTests" name="test_api_image_uses_hardened_runtime_dependencies" time="0.002" /><testcase classname="qa.python.security_regressions.DependencyRegressionTests" name="test_supported_analytics_stack_imports" time="0.005" /><testcase classname="qa.python.security_regressions.DependencyRegressionTests" name="test_unused_pandas_ta_numba_stack_is_not_installed" time="0.001" /><testcase classname="qa.python.security_regressions.JwtIssuerRegressionTests" name="test_central_rs256_token_requires_expected_issuer" time="0.068" /><testcase classname="qa.python.security_regressions.LocalSecretHygieneRegressionTests" name="test_cloudflare_loader_rejects_open_permissions_and_symlinks" time="0.025" /><testcase classname="qa.python.security_regressions.LocalSecretHygieneRegressionTests" name="test_cloudflare_template_is_empty_and_runtime_file_is_excluded" time="0.001" /><testcase classname="qa.python.security_regressions.BackupSecretHygieneRegressionTests" name="test_env_backup_passphrase_is_not_exposed_in_process_arguments" time="0.001" /><testcase classname="qa.python.security_regressions.BackupSecretHygieneRegressionTests" name="test_hourly_archive_excludes_secret_and_backup_paths" time="0.047" /><testcase classname="qa.python.security_regressions.BackupSecretHygieneRegressionTests" name="test_remote_backup_keeps_compose_unresolved_and_excludes_secrets" time="0.001" /><testcase classname="qa.python.security_regressions.BackupSecretHygieneRegressionTests" name="test_rotation_output_is_owner_only_and_values_are_not_logged" time="0.050" /><testcase classname="qa.python.security_regressions.BackupSecretHygieneRegressionTests" name="test_rotation_rejects_symlink_output_and_open_source_permissions" time="0.019" /><testcase classname="qa.python.security_regressions.RouteRegistrationRegressionTests" name="test_live_admin_contract_remains_admin_protected" time="0.350" /><testcase classname="qa.python.security_regressions.RouteRegistrationRegressionTests" name="test_live_frontend_contract_is_mounted" time="0.001" /><testcase classname="qa.python.referral_redirects_regression" name="test_redirect_is_exact_uncached_and_ignores_query_override[/go/lbank-https://www.lbank.com/ref/PROCHART]" time="0.003" /><testcase classname="qa.python.referral_redirects_regression" name="test_redirect_is_exact_uncached_and_ignores_query_override[/go/oneroyal-https://vc.cabinet.oneroyal.com/fa/links/go/12412]" time="0.002" /><testcase classname="qa.python.referral_redirects_regression" name="test_router_exposes_only_two_explicit_get_routes" time="0.000" /><testcase classname="qa.python.referral_redirects_regression" name="test_redirect_module_does_not_consume_or_log_request_data" time="0.000" /><testcase classname="qa.python.referral_redirects_regression" name="test_product_api_payloads_expose_internal_paths_only" time="0.001" /><testcase classname="qa.python.referral_redirects_regression" name="test_legacy_api_fields_keep_names_but_return_internal_paths" time="0.001" /><testcase classname="qa.python.referral_redirects_regression" name="test_bot_departure_uses_notice_gate_and_absolute_internal_route" time="0.001" /><testcase classname="qa.python.referral_redirects_regression" name="test_mt5_connect_is_bodyless_and_never_reaches_storage" time="0.001" /><testcase classname="qa.python.referral_redirects_regression" name="test_historical_mt5_status_is_inactive_and_redacted" time="0.001" /><testcase classname="qa.python.referral_redirects_regression" name="test_forex_copy_toggle_and_subscription_fail_before_db_or_network" time="0.001" /><testcase classname="qa.python.referral_redirects_regression" name="test_non_crypto_real_order_fails_before_account_or_order_work" time="0.003" /><testcase classname="qa.python.referral_redirects_regression" name="test_seo_copy_distinguishes_lbank_trading_from_oneroyal_referral" time="0.000" /><testcase classname="qa.python.legacy_forex_referral_boundary_regression" name="test_all_read_only_forex_views_are_static_non_actionable_contracts" time="0.001" /><testcase classname="qa.python.legacy_forex_referral_boundary_regression" name="test_forex_signal_analysis_gate_remains_independent_of_broker_integration" time="0.000" /><testcase classname="qa.python.legacy_forex_referral_boundary_regression" name="test_pure_forex_compatibility_handlers_do_not_inject_a_db_session" time="0.000" /><testcase classname="qa.python.legacy_forex_referral_boundary_regression" name="test_forex_settings_post_rejects_before_payload_or_state_access" time="0.000" /><testcase classname="qa.python.legacy_forex_referral_boundary_regression" name="test_close_actions_reject_before_payload_or_state_access" time="0.000" /><testcase classname="qa.python.legacy_forex_referral_boundary_regression" name="test_forex_stop_rejects_without_db_or_forex_state_mutation[payload0]" time="0.001" /><testcase classname="qa.python.legacy_forex_referral_boundary_regression" name="test_forex_stop_rejects_without_db_or_forex_state_mutation[payload1]" time="0.000" /><testcase classname="qa.python.legacy_forex_referral_boundary_regression" name="test_crypto_stop_and_history_paths_are_preserved" time="0.000" /><testcase classname="qa.python.legacy_forex_referral_boundary_regression" name="test_crypto_settings_path_still_clamps_persists_and_returns_data" time="0.000" /><testcase classname="qa.python.legacy_forex_referral_boundary_regression" name="test_scoped_sources_contain_no_forex_service_or_settings_backend" time="0.005" /><testcase classname="qa.python.legacy_forex_referral_boundary_regression" name="test_fail_closed_handlers_have_no_io_or_body_access_before_rejection" time="0.003" /><testcase classname="qa.python.oneroyal_referral_boundary_regression" name="test_copy_live_flag_is_hard_locked_off_even_when_legacy_env_requests_true" time="0.002" /><testcase classname="qa.python.oneroyal_referral_boundary_regression" name="test_user_account_and_copy_routes_are_bodyless_static_or_gone_pre_io" time="0.001" /><testcase classname="qa.python.oneroyal_referral_boundary_regression" name="test_user_profile_ai_and_history_do_not_read_or_describe_legacy_execution" time="0.002" /><testcase classname="qa.python.oneroyal_referral_boundary_regression" name="test_admin_ea_and_per_user_execution_routes_are_static_or_gone_pre_io" time="0.002" /><testcase classname="qa.python.oneroyal_referral_boundary_regression" name="test_indirect_ea_adapter_cannot_feed_signals_credentials_or_deals" time="0.002" /><testcase classname="qa.python.oneroyal_referral_boundary_regression" name="test_bot_has_no_copy_webapp_credential_collection_or_reconnect_copy" time="0.068" /><testcase classname="qa.python.oneroyal_referral_boundary_regression" name="test_all_legacy_forex_compatibility_routes_remain_static_fail_closed" time="0.002" /><testcase classname="qa.python.oneroyal_referral_boundary_regression" name="test_shipping_source_and_bundle_scanner_knows_operational_one_royal_rules" time="0.000" /></testsuite></testsuites>